Datetime,Class,Distance (m),Drone Lat,Drone Lon,Drone Heading,Object Lat,Object Lon,Object Heading
2024/05/14-12:16:49,trash_0,9.41285109028545,37.4192151,-5.9991439,47.51,37.41922885816573,-5.99903897332378,80.66416435843236
2024/05/14-12:16:49,trash_1,inf,37.4192151,-5.9991439,47.51,,,
2024/05/14-12:16:49,trash_0,7.155233984115965,37.4192162,-5.999142,50.13,37.41926159592652,-5.999084604880328,45.23983104130149
2024/05/14-12:16:49,trash_1,9.57299888272066,37.4192162,-5.999142,50.13,37.41922739332189,-5.999034770175399,82.54361416693325
2024/05/14-12:16:49,trash_0,9.14734647032209,37.419217,-5.9991401,53.13,37.41922513856469,-5.999037269255545,84.33301135860455
2024/05/14-12:16:49,trash_1,inf,37.419217,-5.9991401,53.13,,,
2024/05/14-12:16:49,trash_0,7.083321213346052,37.419217,-5.9991401,53.13,37.4192616950648,-5.999082979217648,45.548281520475854
2024/05/14-12:16:49,trash_1,9.236091802191353,37.419217,-5.9991401,53.13,37.41922633365578,-5.999036420014604,83.56024482947426
2024/05/14-12:16:49,trash_0,11.381863847408454,37.419217,-5.9991401,53.13,37.4192140550176,-5.99901157435297,91.64553701674674
2024/05/14-12:16:49,trash_1,7.1190976107690895,37.419217,-5.9991401,53.13,37.419262248436326,-5.99908309660044,45.136869629828894
2024/05/14-12:16:49,trash_2,9.559179022312879,37.419217,-5.9991401,53.13,37.41922736134115,-5.999032896068371,83.09061374734598
2024/05/14-12:16:49,trash_0,11.370310408129438,37.419217,-5.9991401,53.13,37.419217833901065,-5.999011656094564,89.53358524907233
2024/05/14-12:16:49,trash_1,6.883622683853872,37.419217,-5.9991401,53.13,37.41926273917891,-5.999087579491343,42.48461363795241
2024/05/14-12:16:50,trash_0,6.900174777404832,37.4192178,-5.9991379,57.0,37.41926211029766,-5.999083221071552,44.54440910600306
2024/05/14-12:16:50,trash_0,6.780304678621705,37.4192178,-5.9991379,57.0,37.41926222343159,-5.999085319333007,43.351260903397694
2024/05/14-12:16:50,trash_0,7.031191697421378,37.4192185,-5.9991358,61.04,37.419279417039384,-5.999113988776588,15.937975807852723
2024/05/14-12:16:50,trash_1,6.809339137981088,37.4192185,-5.9991358,61.04,37.41926095755283,-5.999080270108946,46.21005697694443
2024/05/14-12:16:50,trash_2,inf,37.4192185,-5.9991358,61.04,,,
2024/05/14-12:16:50,trash_0,6.81934086804681,37.4192185,-5.9991358,61.04,37.41927816285855,-5.9991173881967725,13.827530491007487
2024/05/14-12:16:50,trash_1,6.710347403833093,37.4192185,-5.9991358,61.04,37.419261793853664,-5.999082884586606,44.27009921577584
2024/05/14-12:16:50,trash_0,6.634367439162463,37.4192185,-5.9991358,61.04,37.41927703613174,-5.999120609242735,11.694079630634597
2024/05/14-12:16:50,trash_1,6.666005091984761,37.4192185,-5.9991358,61.04,37.419262875007924,-5.999085052102169,42.368922805000736
2024/05/14-12:16:50,trash_0,6.461691431014513,37.4192185,-5.9991358,61.04,37.4192628863199,-5.999088561474331,40.32587254869603
2024/05/14-12:16:50,trash_0,6.305690239339793,37.4192189,-5.9991335,65.85,37.419260948734276,-5.999085594742313,42.260602883266465
2024/05/14-12:16:50,trash_0,6.271573589285974,37.4192189,-5.9991335,65.85,37.41926163253276,-5.9990871424609296,40.86786128560526
2024/05/14-12:16:50,trash_0,6.080560551670798,37.4192192,-5.9991313,70.51,37.419259052347904,-5.999084163755119,43.330656056853286
2024/05/14-12:16:50,trash_1,8.206954670069189,37.4192192,-5.9991313,70.51,37.419225658064214,-5.999038941892106,84.98968155480647
2024/05/14-12:16:50,trash_0,6.203849281572271,37.4192192,-5.9991313,70.51,37.41926093734746,-5.999084680871024,41.69706609461602
2024/05/14-12:16:50,trash_0,5.92160840305707,37.4192194,-5.9991289,75.71,37.41925782536688,-5.999082489330702,43.93015090778507
2024/05/14-12:16:51,trash_0,5.84040458084215,37.4192194,-5.9991289,75.71,37.41925823467996,-5.999084376426537,42.440575551831756
2024/05/14-12:16:51,trash_0,5.984655261157845,37.4192194,-5.9991289,75.71,37.41926018316294,-5.999084671391271,40.85876468511749
2024/05/14-12:16:51,trash_0,5.95434271073649,37.4192194,-5.9991289,75.71,37.41926048560212,-5.999085644222465,40.02070663890641
2024/05/14-12:16:51,trash_0,5.829555017091103,37.4192194,-5.9991267,80.68,37.41925807667201,-5.999082141690578,42.57919005057882
2024/05/14-12:16:51,trash_0,5.767980818374766,37.4192194,-5.9991267,80.68,37.4192597189618,-5.9990855858597145,39.122032943735206
2024/05/14-12:16:51,trash_1,6.077719964366355,37.4192194,-5.9991267,80.68,37.41925550741661,-5.99907508036478,48.748968093078
2024/05/14-12:16:51,trash_0,5.635553944717108,37.4192194,-5.9991267,80.68,37.41926014310831,-5.999088705201739,36.641341400866324
2024/05/14-12:16:51,trash_1,6.040142761353077,37.4192194,-5.9991267,80.68,37.41925703110493,-5.999077406415313,46.25431796607014
2024/05/14-12:16:51,trash_0,5.414558214944756,37.4192192,-5.9991242,86.32,37.419256299265655,-5.999084477964972,40.49642310380499
2024/05/14-12:16:51,trash_1,6.003128882747291,37.4192192,-5.9991242,86.32,37.41925380990333,-5.999072084177532,50.218157009661354
2024/05/14-12:16:51,trash_0,5.936595540507033,37.4192192,-5.9991242,86.32,37.419255803100754,-5.999075296493403,46.819381654495025
2024/05/14-12:16:51,trash_1,5.160858617416689,37.4192192,-5.9991242,86.32,37.41925617378201,-5.9990888438763665,37.33243900673422
2024/05/14-12:16:51,trash_0,5.891216409839844,37.4192188,-5.9991221,91.63,37.419252616521455,-5.999070801627379,50.4259635237784
2024/05/14-12:16:51,trash_0,5.839497359243815,37.4192188,-5.9991221,91.63,37.419253529882795,-5.999072545182953,48.69429078727771
2024/05/14-12:16:51,trash_0,5.763556882548252,37.4192188,-5.9991221,91.63,37.41925418031069,-5.999074439259232,47.054797960969005
2024/05/14-12:16:52,trash_0,5.54290241275019,37.4192183,-5.9991198,97.41,37.41925090181449,-5.99907236490035,49.24799889283399
2024/05/14-12:16:52,trash_0,,37.4192183,-5.9991198,97.41,,,
2024/05/14-12:16:52,trash_0,6.5887796321350685,37.4192177,-5.9991178,102.72,37.41922169394729,-5.999043536485889,86.14240187575815
2024/05/14-12:16:52,trash_0,6.276188075976075,37.4192169,-5.9991159,108.43,37.4192211139633,-5.999045196263858,85.72645113510256
2024/05/14-12:16:52,trash_0,6.191965891092531,37.4192169,-5.9991159,108.43,37.41922242681438,-5.999046294648519,84.31474730915653
2024/05/14-12:16:52,trash_0,6.131159124933635,37.4192169,-5.9991159,108.43,37.4192238591177,-5.999047189267359,82.7630232151527
2024/05/14-12:16:52,trash_0,6.1797571147479085,37.419216,-5.9991142,113.53,37.41921954406003,-5.999044530055202,86.35065605685328
2024/05/14-12:16:52,trash_0,5.995731663848453,37.419216,-5.9991142,113.53,37.41922157418388,-5.999046828922942,84.07752557596831
2024/05/14-12:16:52,trash_0,5.958895930577398,37.419215,-5.9991125,119.03,37.419218417562476,-5.999045320035592,86.35048012449123
2024/05/14-12:16:53,trash_0,5.949516918669899,37.419215,-5.9991125,119.03,37.41922056810925,-5.999045653030396,84.03788280223665
2024/05/14-12:16:53,trash_0,5.99006779760929,37.419215,-5.9991125,119.03,37.419222026110006,-5.999045407229483,82.51989482740328
2024/05/14-12:16:53,trash_0,5.929028280673921,37.419215,-5.9991125,119.03,37.419223422169985,-5.9990463585513805,80.92919005057882
2024/05/14-12:16:53,trash_0,5.870290027049735,37.4192139,-5.9991112,124.07,37.41921902017894,-5.999045195939969,84.4448381040034
2024/05/14-12:16:53,trash_0,5.690999930801047,37.4192139,-5.9991112,124.07,37.41922026811717,-5.999047407602837,82.86596352377839
2024/05/14-12:16:53,trash_0,5.516369090852732,37.4192128,-5.9991099,129.51,37.41922051550511,-5.999048338058299,81.06981043438208
2024/05/14-12:16:53,trash_0,,37.4192117,-5.9991088,134.55,,,
2024/05/14-12:16:53,trash_0,6.980037575296558,37.4192105,-5.9991079,140.21,37.419205911834695,-5.999029258013036,94.18363457771306
2024/05/14-12:16:54,trash_0,6.578363530493386,37.4192105,-5.9991079,140.21,37.419209606123374,-5.999033593979372,90.8640796306346
2024/05/14-12:16:55,trash_0,inf,37.4192042,-5.9991055,171.83,,,
2024/05/14-12:16:55,trash_0,inf,37.4192042,-5.9991055,171.83,,,
2024/05/14-12:16:55,trash_0,inf,37.4192042,-5.9991055,171.83,,,
2024/05/14-12:16:55,trash_0,inf,37.4192032,-5.9991054,175.69,,,
2024/05/14-12:16:55,trash_0,inf,37.4192032,-5.9991054,175.69,,,
2024/05/14-12:16:57,trash_0,inf,37.4191969,-5.9991061,179.56,,,
2024/05/14-12:16:57,trash_0,inf,37.4191957,-5.9991061,176.79,,,
2024/05/14-12:16:57,trash_0,inf,37.4191957,-5.9991061,176.79,,,
2024/05/14-12:16:57,trash_0,inf,37.419193,-5.9991057,168.86,,,
2024/05/14-12:16:58,trash_0,inf,37.4191858,-5.9991019,152.56,,,
2024/05/14-12:16:59,trash_0,inf,37.4191858,-5.9991019,152.56,,,
2024/05/14-12:16:59,trash_0,inf,37.4191858,-5.9991019,152.56,,,
2024/05/14-12:17:00,trash_0,inf,37.4191808,-5.9990991,156.87,,,
2024/05/14-12:17:00,trash_0,inf,37.4191796,-5.9990986,159.34,,,
2024/05/14-12:17:00,trash_0,inf,37.4191796,-5.9990986,159.34,,,
2024/05/14-12:17:52,trash_0,inf,37.4190093,-5.9993777,174.17,,,
2024/05/14-12:17:52,trash_0,inf,37.4190093,-5.9993777,174.17,,,
2024/05/14-12:17:52,trash_0,inf,37.4190076,-5.9993772,168.59,,,
2024/05/14-12:18:41,trash_0,12.255166864473344,37.4191222,-5.9991134,48.67,37.41923171460663,-5.999095694659111,7.347558392604974
2024/05/14-12:18:41,trash_0,11.744134258683866,37.4191241,-5.9991101,48.32,37.419229230702236,-5.999095016290417,6.528211694376203
2024/05/14-12:18:41,trash_0,11.74179670056325,37.4191241,-5.9991101,48.32,37.41922920977697,-5.999095019292689,6.528211694376203
2024/05/14-12:18:42,trash_0,11.484371971254534,37.4191251,-5.9991083,47.95,37.41922800151455,-5.999094644386053,6.041936795374802
2024/05/14-12:18:42,trash_0,11.562102422792474,37.419126,-5.9991067,47.63,37.419229718498094,-5.999094463349528,5.375638822985692
2024/05/14-12:18:42,trash_0,11.35012805308802,37.419126,-5.9991067,47.63,37.41922781696997,-5.999094687691061,5.375638822985692
2024/05/14-12:18:42,trash_0,11.63585437920033,37.419126,-5.9991067,47.63,37.41923041848005,-5.999094907934746,5.1468655521319135
2024/05/14-12:18:42,trash_0,11.460579107344266,37.4191279,-5.9991033,47.14,37.41923082104587,-5.9990927887344245,4.656865552131919
2024/05/14-12:18:42,trash_0,11.541838258394382,37.4191279,-5.9991033,47.14,37.41923156734862,-5.999092972258691,4.543102443160542
2024/05/14-12:18:42,trash_0,11.604585865242342,37.4191279,-5.9991033,47.14,37.419232147120354,-5.999093174663825,4.429753194416385
2024/05/14-12:18:43,trash_0,11.036148547014225,37.4191289,-5.9991015,46.92,37.41922808364961,-5.999092593093163,4.096816434030117
2024/05/14-12:18:43,trash_0,10.972742135738697,37.4191298,-5.9990999,46.75,37.41922847237522,-5.999092137263019,3.590467322458373
2024/05/14-12:18:43,trash_0,11.052392168673078,37.4191309,-5.9990982,46.51,37.41923035588662,-5.999091866388596,2.9076929884749205
2024/05/14-12:18:43,trash_0,11.112439379708377,37.4191318,-5.9990965,46.38,37.41923181659881,-5.999090656509585,2.668006437935688
2024/05/14-12:18:43,trash_0,11.096867711034824,37.4191318,-5.9990965,46.38,37.41923168514298,-5.9990909035605124,2.558719919075635
2024/05/14-12:18:43,trash_0,11.030278023775525,37.4191318,-5.9990965,46.38,37.41923110187454,-5.999091409465998,2.3413414008663196
2024/05/14-12:18:44,trash_0,10.95399922520759,37.4191328,-5.9990948,46.3,37.419231434663914,-5.9990903830471,2.0455462698978337
2024/05/14-12:18:44,trash_0,10.910040644636966,37.4191328,-5.9990948,46.3,37.419231056944426,-5.999091090357849,1.7247979609690063
2024/05/14-12:18:44,trash_0,10.700862348840495,37.4191337,-5.9990933,46.31,37.419230091448114,-5.9990905309131035,1.3125709406859372
2024/05/14-12:18:44,trash_0,10.682410560966444,37.4191337,-5.9990933,46.31,37.41922992910227,-5.999090755934222,1.207975807852705
2024/05/14-12:18:44,trash_0,10.295392205147177,37.4191347,-5.9990915,46.31,37.4192274520317,-5.999089680312639,0.896475879154643
2024/05/14-12:18:44,trash_0,10.387594433240926,37.4191347,-5.9990915,46.31,37.419228287344765,-5.999090085422324,0.6906998072299828
2024/05/14-12:18:44,trash_0,10.425499340511736,37.4191356,-5.99909,46.33,37.419229532006284,-5.999088959031166,0.5064231038050053
2024/05/14-12:18:44,trash_1,8.538256104457016,37.4191356,-5.99909,46.33,37.419209459369924,-5.999063015646773,16.245946403590633
2024/05/14-12:18:44,trash_0,10.396215730663975,37.4191356,-5.99909,46.33,37.4192292694865,-5.99908917016478,0.404843517556273
2024/05/14-12:18:44,trash_1,8.33539237849358,37.4191356,-5.99909,46.33,37.41920776169265,-5.999063904045609,16.089296079186052
2024/05/14-12:18:44,trash_0,10.140319728503965,37.4191365,-5.9990882,46.34,37.41922786597901,-5.999087975429214,0.1123230511056903
2024/05/14-12:18:44,trash_1,8.419078772737766,37.4191365,-5.9990882,46.34,37.41920949591436,-5.99906232377282,15.787488682636535
2024/05/14-12:18:45,trash_0,10.09553580476028,37.4191365,-5.9990882,46.34,37.41922746253701,-5.999088374213817,-0.08752263750893263
2024/05/14-12:18:45,trash_0,10.193189222274816,37.4191365,-5.9990882,46.34,37.419228341374975,-5.999088774613921,-0.2859136303447585
2024/05/14-12:18:45,trash_0,10.08561164288769,37.4191365,-5.9990882,46.34,37.41922736999759,-5.999089160179139,-0.48286104753135106
2024/05/14-12:18:45,trash_0,10.040084373224877,37.4191374,-5.9990867,46.33,37.41922785648655,-5.9990880626540815,-0.6883759844190109
2024/05/14-12:18:45,trash_1,8.107458628570534,37.4191374,-5.9990867,46.33,37.4192079583865,-5.999062984881675,15.006676013233879
2024/05/14-12:18:45,trash_0,9.872045303715337,37.4191384,-5.9990849,46.15,37.419227333659634,-5.999086967910405,-1.062469508992507
2024/05/14-12:18:45,trash_1,8.220196633273115,37.4191384,-5.9990849,46.15,37.419210099257185,-5.9990616149764735,14.521829631990062
2024/05/14-12:18:45,trash_0,9.872690520348062,37.4191384,-5.9990849,46.15,37.41922733342222,-5.99908734303861,-1.255152659391456
2024/05/14-12:18:45,trash_0,9.723660725036426,37.4191384,-5.9990849,46.15,37.419225984063246,-5.99908767278379,-1.44643644153372
2024/05/14-12:18:45,trash_1,7.950520402894506,37.4191384,-5.9990849,46.15,37.41920784103222,-5.9990628387815566,14.21896809307799
2024/05/14-12:18:45,trash_0,9.922116285935584,37.4191392,-5.9990833,46.11,37.41922855740893,-5.999086763605645,-1.7707622892770942
2024/05/14-12:18:45,trash_0,9.698294107335983,37.4191392,-5.9990833,46.11,37.41922653237135,-5.99908704445419,-1.9585955699429292
2024/05/14-12:18:45,trash_1,7.829012817922366,37.4191392,-5.9990833,46.11,37.41920776897585,-5.999062534596556,13.579188888918594
2024/05/14-12:18:45,trash_0,9.99351625766655,37.4191392,-5.9990833,46.11,37.41922918033115,-5.999087525624243,-2.145067717339984
2024/05/14-12:18:46,trash_0,9.747483888033125,37.4191402,-5.9990816,46.16,37.41922793929668,-5.999086509466815,-2.5553641192467396
2024/05/14-12:18:46,trash_1,7.74134269579922,37.4191402,-5.9990816,46.16,37.41920815298221,-5.9990618719985935,13.037313126317336
2024/05/14-12:18:46,trash_0,9.87806749917756,37.4191411,-5.99908,46.08,37.419229995649786,-5.999085484551225,-2.8171573289198335
2024/05/14-12:18:46,trash_0,7.628410580891194,37.4191411,-5.99908,46.08,37.41920819930555,-5.999061320686761,12.518574291394245
2024/05/14-12:18:46,trash_1,9.5196410154371,37.4191411,-5.99908,46.08,37.41922675635961,-5.99908562386093,-2.997637804541583
2024/05/14-12:18:46,trash_0,7.7888371288853575,37.4191411,-5.99908,46.08,37.419209686539226,-5.999061362924453,12.228534314034754
2024/05/14-12:18:46,trash_1,9.347072274283686,37.4191411,-5.99908,46.08,37.41922518942661,-5.999085851647038,-3.1768161708478075
2024/05/14-12:18:46,trash_0,7.432783843305149,37.4191421,-5.9990782,45.87,37.419207672063706,-5.999061128927072,11.730450641314427
2024/05/14-12:18:46,trash_0,7.372956796447993,37.4191421,-5.9990782,45.87,37.41920717784748,-5.999061470364778,11.587140773241586
2024/05/14-12:18:46,trash_0,7.2906570089498235,37.4191421,-5.9990782,45.87,37.41920648411358,-5.999061858278596,11.444317966070138
2024/05/14-12:18:46,trash_1,8.755719032188944,37.4191421,-5.9990782,45.87,37.41922083034323,-5.999084502310695,-3.65316538140128
2024/05/14-12:18:46,trash_0,7.229411857890317,37.419143,-5.9990766,45.7,37.41920694370106,-5.999061030585251,10.99013066352164
2024/05/14-12:18:46,trash_0,7.320692723010158,37.4191439,-5.9990749,45.64,37.419208725032554,-5.999059619217638,10.647882802236644
2024/05/14-12:18:47,trash_0,7.104182564957047,37.4191439,-5.9990749,45.64,37.419206836619274,-5.999060264463816,10.507484227310258
2024/05/14-12:18:47,trash_1,6.810658227468328,37.4191439,-5.9990749,45.64,37.419196923430135,-5.999036170256222,30.224189515682276
2024/05/14-12:18:47,trash_0,7.110750648754608,37.4191439,-5.9990749,45.64,37.419206923150774,-5.999060443849227,10.367568154947612
2024/05/14-12:18:47,trash_1,6.496907471757284,37.4191439,-5.9990749,45.64,37.41919448076766,-5.999037954444202,30.224189515682276
2024/05/14-12:18:47,trash_0,7.079986072548509,37.4191439,-5.9990749,45.64,37.41920675871241,-5.999061268954073,9.81271217793104
2024/05/14-12:18:47,trash_1,6.353232058746004,37.4191439,-5.9990749,45.64,37.41919345976914,-5.999038982270972,30.029625776326334
2024/05/14-12:18:47,trash_0,7.010770926595024,37.4191448,-5.9990732,45.57,37.419207082778165,-5.99905998495209,9.605195936680033
2024/05/14-12:18:47,trash_1,6.559424109795967,37.4191448,-5.9990732,45.57,37.41919600431217,-5.999036194977923,29.959625776326334
2024/05/14-12:18:47,trash_0,6.94899478465203,37.4191448,-5.9990732,45.57,37.41920655877798,-5.999060286561202,9.468157009661368
2024/05/14-12:18:47,trash_1,6.6346627329872305,37.4191448,-5.9990732,45.57,37.419196591641416,-5.99903577051858,29.959625776326334
2024/05/14-12:18:47,trash_0,6.935027075613756,37.4191458,-5.9990715,45.35,37.41920749741445,-5.999059093669452,9.111594475813654
2024/05/14-12:18:47,trash_0,6.25879054711989,37.4191458,-5.9990715,45.35,37.41919495359729,-5.999036843030718,29.351607189020076
2024/05/14-12:18:47,trash_1,6.817981715109653,37.4191458,-5.9990715,45.35,37.419206523667924,-5.999059843362247,8.704755795658286
2024/05/14-12:18:47,trash_0,6.218935365057757,37.4191466,-5.9990699,45.06,37.41919557898494,-5.999035774101708,29.061607189020076
2024/05/14-12:18:47,trash_1,6.858934147846103,37.4191466,-5.9990699,45.06,37.41920775605115,-5.999058741346067,8.280089323328298
2024/05/14-12:18:47,trash_0,6.770074896160541,37.4191466,-5.9990699,45.06,37.419207004176656,-5.99905923992757,8.012170065990276
2024/05/14-12:18:47,trash_0,6.63471561483337,37.4191476,-5.9990681,44.79,37.419206871832806,-5.999058347883076,7.476128937872772
2024/05/14-12:18:47,trash_1,6.125990999085592,37.4191476,-5.9990681,44.79,37.41919597278595,-5.999034769556171,28.791607189020077
2024/05/14-12:18:48,trash_0,6.61972213910024,37.4191476,-5.9990681,44.79,37.419206755651835,-5.999058541179939,7.3438100777257915
2024/05/14-12:18:48,trash_1,6.164991902129284,37.4191476,-5.9990681,44.79,37.41919628074954,-5.999034557358953,28.791607189020073
2024/05/14-12:18:48,trash_0,6.578493288946544,37.4191485,-5.9990666,44.57,37.419207332638,-5.999057553519571,6.991957610920075
2024/05/14-12:18:48,trash_0,6.536594644684485,37.4191485,-5.9990666,44.57,37.419206990141014,-5.999057946780222,6.729647555732797
2024/05/14-12:18:48,trash_0,6.7260102927412335,37.4191485,-5.9990666,44.57,37.4192087167135,-5.999058039144364,6.469190050578817
2024/05/14-12:18:48,trash_1,5.808589349328143,37.4191485,-5.9990666,44.57,37.41919454717687,-5.999035412271659,28.378159100134827
2024/05/14-12:18:48,trash_0,5.802035142077912,37.4191494,-5.9990649,44.29,37.419195598800066,-5.9990342246611466,27.905089575223712
2024/05/14-12:18:48,trash_1,6.401772214707332,37.4191494,-5.9990649,44.29,37.41920677243053,-5.999057427701631,5.930576190218218
2024/05/14-12:18:48,trash_0,6.35618421652863,37.4191494,-5.9990649,44.29,37.4192063898201,-5.999057801066592,5.67379689454134
2024/05/14-12:18:48,trash_1,6.100104344107167,37.4191494,-5.9990649,44.29,37.41919805841388,-5.999032853756392,27.71240187575815
2024/05/14-12:18:48,trash_0,6.327856596385421,37.4191494,-5.9990649,44.29,37.41920614825615,-5.9990579912707025,5.546092325192561
2024/05/14-12:18:48,trash_0,6.288344034862032,37.4191503,-5.9990633,44.11,37.419206755449814,-5.999057281781839,4.859813808272008
2024/05/14-12:18:48,trash_1,6.58653032302581,37.4191503,-5.9990633,44.11,37.41920301668238,-5.999029127123427,27.34009921577584
2024/05/14-12:18:48,trash_0,6.194870970609701,37.4191503,-5.9990633,44.11,37.41920592648753,-5.999057523918724,4.7343731476155995
2024/05/14-12:18:48,trash_1,5.7043181063555055,37.4191503,-5.9990633,44.11,37.41919603452189,-5.999033896206221,27.14818476178432
2024/05/14-12:18:48,trash_0,5.7066555337522615,37.4191503,-5.9990633,44.11,37.41919605326228,-5.999033884157581,27.148184761784325
2024/05/14-12:18:48,trash_1,6.190938000925899,37.4191503,-5.9990633,44.11,37.41920590108307,-5.999057679649092,4.6093816544950315
2024/05/14-12:18:49,trash_0,5.982593182970739,37.4191512,-5.9990617,43.88,37.41919934525308,-5.9990313050593205,26.726661632677118
2024/05/14-12:18:49,trash_1,6.224716505529617,37.4191512,-5.9990617,43.88,37.419207148739055,-5.9990567860871895,4.007089890671104
2024/05/14-12:18:49,trash_0,6.076678489310743,37.4191512,-5.9990617,43.88,37.41920583407189,-5.999057196976627,3.7611185491763024
2024/05/14-12:18:49,trash_1,5.632804009590022,37.4191512,-5.9990617,43.88,37.41919653030537,-5.999033082186273,26.726661632677114
2024/05/14-12:18:49,trash_0,5.482728616982653,37.4191512,-5.9990617,43.88,37.41919532256535,-5.9990338446541545,26.726661632677118
2024/05/14-12:18:49,trash_1,6.084639236435545,37.4191512,-5.9990617,43.88,37.419205920476145,-5.9990574834553705,3.5169140014197993
2024/05/14-12:18:49,trash_0,5.967582152603286,37.4191521,-5.9990601,43.61,37.419205800921404,-5.999056708219671,2.883897597025438
2024/05/14-12:18:49,trash_1,5.167302956081696,37.4191521,-5.9990601,43.61,37.41919385133218,-5.9990342676534905,26.265532899662336
2024/05/14-12:18:49,trash_0,6.004005419952624,37.4191521,-5.9990601,43.61,37.419206134274134,-5.99905682955736,2.7637644191067636
2024/05/14-12:18:49,trash_1,5.114354251767853,37.4191521,-5.9990601,43.61,37.419193423511544,-5.999034532354446,26.265532899662336
2024/05/14-12:18:49,trash_0,6.008791180496253,37.4191531,-5.9990584,43.31,37.419207199508335,-5.999055764872898,2.224798693425761
2024/05/14-12:18:49,trash_1,5.1663700455766035,37.4191531,-5.9990584,43.31,37.41919501869624,-5.999033021523725,25.77480158620363
2024/05/14-12:18:49,trash_0,5.941843667190105,37.4191531,-5.9990584,43.31,37.4192066086104,-5.999056210113854,1.8695819756616316
2024/05/14-12:18:49,trash_1,5.1865939958277245,37.4191531,-5.9990584,43.31,37.41919518278854,-5.999032922178669,25.77480158620363
2024/05/14-12:18:49,trash_0,5.879902546982936,37.419154,-5.9990568,43.1,37.419206962625964,-5.999055148244891,1.4249099628340431
2024/05/14-12:18:49,trash_1,5.104995196103004,37.419154,-5.9990568,43.1,37.41919562456414,-5.999032259339492,25.184543072817565
2024/05/14-12:18:49,trash_0,5.912304145688289,37.419154,-5.9990568,43.1,37.41920726661682,-5.999055947839669,0.7310438901831304
2024/05/14-12:18:50,trash_0,5.85436461598671,37.419155,-5.9990551,42.96,37.41920774890228,-5.999055071961535,0.024290787277720938
2024/05/14-12:18:50,trash_0,5.734162440247698,37.4191559,-5.9990536,43.24,37.419207565855714,-5.999053634859589,-0.030833257908298606
2024/05/14-12:18:50,trash_1,4.798273944900085,37.4191559,-5.9990536,43.24,37.419195219063006,-5.9990310621765115,24.56892280500074
2024/05/14-12:18:50,trash_0,5.704300355171613,37.4191559,-5.9990536,43.24,37.41920729036407,-5.999054619779604,-0.9067533895373501
2024/05/14-12:18:50,trash_1,4.738952335449255,37.4191559,-5.9990536,43.24,37.41919496170077,-5.999031979126411,23.819977493873854
2024/05/14-12:18:50,trash_0,5.66419480304068,37.4191559,-5.9990536,43.24,37.41920691421802,-5.9990554451826155,-1.6524506790539633
2024/05/14-12:18:50,trash_1,4.679082631609747,37.4191559,-5.9990536,43.24,37.41919463197972,-5.999032723563137,23.262748328572883
2024/05/14-12:18:50,trash_0,5.584888903393295,37.4191569,-5.9990518,45.3,37.41920722009964,-5.999052151596342,-0.3193001927700223
2024/05/14-12:18:50,trash_1,4.605843553147585,37.4191569,-5.9990518,45.3,37.41919463710181,-5.999030152037683,24.585872548696035
2024/05/14-12:18:50,trash_0,5.535385133008033,37.4191569,-5.9990518,45.3,37.4192067524139,-5.9990536751404555,-1.718375984419005
2024/05/14-12:18:50,trash_1,4.563522798842064,37.4191569,-5.9990518,45.3,37.419194609585645,-5.999031248233974,23.493909021293813
2024/05/14-12:18:50,trash_0,5.508997548001762,37.4191569,-5.9990518,45.3,37.4192064830041,-5.999054704337461,-2.6748497500545056
2024/05/14-12:18:50,trash_1,4.463841459354568,37.4191569,-5.9990518,45.3,37.419194032504286,-5.999032423975939,22.596451135102548
2024/05/14-12:18:50,trash_0,5.37883318468875,37.4191569,-5.9990518,45.3,37.41920526394066,-5.9990557080515945,-3.6875609932657767
2024/05/14-12:18:50,trash_1,4.370966005021608,37.4191569,-5.9990518,45.3,37.41919348952775,-5.99903353418159,21.710602883266464
2024/05/14-12:18:50,trash_0,4.261140798629059,37.4191578,-5.9990502,47.98,37.41919361146502,-5.999032844640151,21.13330446445621
2024/05/14-12:18:50,trash_0,4.194361113538975,37.4191578,-5.9990502,47.98,37.419193426517815,-5.999034391214186,19.48981877869241
2024/05/14-12:18:51,trash_0,4.1733423102740606,37.4191587,-5.9990482,51.53,37.41919362302666,-5.9990307217085315,21.760740458136507
2024/05/14-12:18:51,trash_0,4.119871244523008,37.4191587,-5.9990482,51.53,37.4191934669549,-5.999031890593764,20.5135093833732
2024/05/14-12:18:51,trash_0,4.026560066518452,37.4191595,-5.9990463,55.15,37.419193400401156,-5.9990300973453135,20.867140773241587
2024/05/14-12:18:51,trash_0,3.8856701657937416,37.4191595,-5.9990463,55.15,37.41919292500015,-5.999033239483688,17.309647555732795
2024/05/14-12:18:51,trash_0,3.8588386935698322,37.4191603,-5.9990442,59.59,37.419192927309176,-5.999029137316229,20.214373147615603
2024/05/14-12:18:51,trash_0,3.824202261744285,37.4191603,-5.9990442,59.59,37.419193107630626,-5.999030994865489,17.798211694376207
2024/05/14-12:18:51,trash_0,3.793276890280867,37.4191603,-5.9990442,59.59,37.4191931196608,-5.999032238763301,16.20827175106576
2024/05/14-12:18:51,trash_0,3.6911247434659757,37.4191609,-5.999042,64.09,37.41919251853315,-5.999029070604864,18.063634577713067
2024/05/14-12:18:52,trash_0,inf,37.4191624,-5.9990357,74.11,,,
2024/05/14-12:18:52,trash_0,inf,37.4191624,-5.9990357,74.11,,,
2024/05/14-12:20:00,trash_0,inf,37.4189437,-5.9993094,192.15,,,
2024/05/14-12:20:00,trash_0,inf,37.4189437,-5.9993094,192.15,,,
2024/05/14-12:20:36,trash_0,inf,37.4190286,-5.9990862,26.37,,,
2024/05/14-12:20:37,trash_0,inf,37.4190286,-5.9990862,26.37,,,
2024/05/14-12:20:56,trash_0,7.823561402508376,37.4191476,-5.9990525,8.09,37.41921809075164,-5.999052033421965,0.30247457271394484
2024/05/14-12:20:56,trash_0,7.872643076053199,37.4191476,-5.9990525,8.09,37.4192185338675,-5.999052349637015,0.09686962982889202
2024/05/14-12:20:56,trash_0,7.651744904309251,37.4191476,-5.9990525,8.09,37.41921654351187,-5.9990526637330035,-0.10852831812944963
2024/05/14-12:20:56,trash_0,7.478148606478454,37.419149,-5.999052,8.64,37.41921637892786,-5.9990516516119845,0.23628568756608814
2024/05/14-12:20:56,trash_1,7.811049500925693,37.419149,-5.999052,8.64,37.41921254890652,-5.999014079810104,25.451048051690687
2024/05/14-12:20:56,trash_0,7.697196513616189,37.419149,-5.999052,8.64,37.41921162262483,-5.99901463253103,25.451048051690687
2024/05/14-12:20:56,trash_0,7.653979780884505,37.419149,-5.999052,8.64,37.41921137009937,-5.999015104472235,25.258828293497043
2024/05/14-12:20:56,trash_1,7.403837059456734,37.419149,-5.999052,8.64,37.41921570848864,-5.999052551725005,-0.3779514695824471
2024/05/14-12:20:56,trash_0,7.71447816151186,37.419149,-5.999052,8.64,37.419211962433124,-5.999015078002704,25.066222813444877
2024/05/14-12:20:56,trash_0,7.178977799215837,37.4191519,-5.9990508,10.28,37.41921658260124,-5.999051317183822,-0.3653863620475981
2024/05/14-12:20:56,trash_0,7.120674004811399,37.4191519,-5.9990508,10.28,37.41921604936849,-5.999052163691637,-0.9713661152670987
2024/05/14-12:20:57,trash_0,9.289394152974657,37.4191535,-5.9990502,11.31,37.41923593969153,-5.99906833637953,-9.952133636427439
2024/05/14-12:20:57,trash_1,7.059494740219619,37.4191535,-5.9990502,11.31,37.41921710715453,-5.999050398763753,-0.142800945747803
2024/05/14-12:20:57,trash_0,8.862903380988556,37.4191535,-5.9990502,11.31,37.41923206571595,-5.99906812829996,-10.315225038281378
2024/05/14-12:20:57,trash_1,7.040971698383351,37.4191535,-5.9990502,11.31,37.41921693758811,-5.9990509563126935,-0.5448066519748203
2024/05/14-12:20:57,trash_0,6.970617345472689,37.4191535,-5.9990502,11.31,37.41921629799645,-5.999051499590369,-0.9456317135435572
2024/05/14-12:20:57,trash_1,7.337044482911765,37.4191535,-5.9990502,11.31,37.419212825288035,-5.999013629235825,26.181887385793154
2024/05/14-12:20:57,trash_0,7.174265584982212,37.4191549,-5.9990496,12.28,37.41921281711258,-5.999013606958375,26.3660842050639
2024/05/14-12:20:57,trash_0,6.739343243178946,37.4191564,-5.9990489,13.39,37.41921712080096,-5.9990495065228915,-0.4564584804531222
2024/05/14-12:20:57,trash_1,7.069776585712344,37.4191564,-5.9990489,13.39,37.419213015726285,-5.999012295849373,27.27877303374494
2024/05/14-12:20:57,trash_0,6.731815431274291,37.4191564,-5.9990489,13.39,37.4192170447628,-5.999050290371716,-1.047586728176876
2024/05/14-12:20:57,trash_1,6.9579077798782505,37.4191564,-5.9990489,13.39,37.4192122186518,-5.999013116261648,27.081125261367973
2024/05/14-12:20:57,trash_2,6.3400608387726,37.4191564,-5.9990489,13.39,37.419213459591,-5.999045470415952,2.7446136379524013
2024/05/14-12:20:57,trash_0,6.2790133256818415,37.4191564,-5.9990489,13.39,37.419212935663396,-5.999046252963637,2.1386338847329043
2024/05/14-12:20:57,trash_1,6.889279651808134,37.4191564,-5.9990489,13.39,37.419211765411085,-5.999013708859379,26.883144741740477
2024/05/14-12:20:57,trash_0,6.883788293558951,37.4191578,-5.9990482,14.45,37.419212693251644,-5.999011997784648,27.7448353734393
2024/05/14-12:20:57,trash_1,6.665941550438645,37.4191578,-5.9990482,14.45,37.419217852832254,-5.999049469304408,-0.9658104843177266
2024/05/14-12:20:57,trash_2,6.081260693244573,37.4191578,-5.9990482,14.45,37.419212518330355,-5.999044607936314,2.997199054252194
2024/05/14-12:20:57,trash_0,6.794402529142946,37.4191578,-5.9990482,14.45,37.4192122744046,-5.999013177440613,27.1479738275535
2024/05/14-12:20:57,trash_1,5.94266661685619,37.4191578,-5.9990482,14.45,37.419211305259296,-5.999045629499991,2.1943682864564416
2024/05/14-12:20:57,trash_0,6.815081940911373,37.4191578,-5.9990482,14.45,37.419212537471225,-5.999013309696429,26.948388935170016
2024/05/14-12:20:57,trash_1,6.133507564256189,37.4191578,-5.9990482,14.45,37.419213036925626,-5.999046029915605,1.7947577327939879
2024/05/14-12:20:58,trash_0,6.6683297339832075,37.4191593,-5.9990474,15.6,37.41921239992008,-5.99901215221893,27.898495347801784
2024/05/14-12:20:58,trash_1,5.673559718474756,37.4191593,-5.9990474,15.6,37.41921037691371,-5.999044774524182,2.347691510379743
2024/05/14-12:20:58,trash_0,5.6442818310761,37.4191593,-5.9990474,15.6,37.419210141714935,-5.999045887634672,1.3591139079561962
2024/05/14-12:20:58,trash_1,6.354137415384822,37.4191593,-5.9990474,15.6,37.4192164886732,-5.999050773973729,-2.6940906761411068
2024/05/14-12:20:58,trash_2,6.549070503587595,37.4191593,-5.9990474,15.6,37.41921173723383,-5.9990134709124945,27.297004233137237
2024/05/14-12:20:58,trash_0,5.57313534280594,37.4191607,-5.9990466,16.67,37.41921088327674,-5.999044363177126,2.036059734183782
2024/05/14-12:20:58,trash_1,6.517152457735992,37.4191607,-5.9990466,16.67,37.41921246728963,-5.999011848004389,28.165917893755534
2024/05/14-12:20:58,trash_2,6.265706340372906,37.4191607,-5.9990466,16.67,37.41921712074385,-5.999049071601894,-2.0010771949992616
2024/05/14-12:20:58,trash_0,5.487367736802518,37.4191607,-5.9990466,16.67,37.419210126384534,-5.999045032330538,1.4491183011649316
2024/05/14-12:20:58,trash_1,6.223831723049307,37.4191607,-5.9990466,16.67,37.41921671329272,-5.99904997334113,-2.7500225061261467
2024/05/14-12:20:58,trash_2,6.485551742918672,37.4191607,-5.9990466,16.67,37.419212409028844,-5.999012471704535,27.762887168102036
2024/05/14-12:20:58,trash_0,5.2624815399759814,37.4191621,-5.9990458,17.85,37.419209504239326,-5.999044479884049,1.2724018757581526
2024/05/14-12:20:58,trash_1,6.007028895669538,37.4191621,-5.9990458,17.85,37.41921615683003,-5.999049190815052,-2.8641274513039647
2024/05/14-12:20:58,trash_2,6.296494409567149,37.4191621,-5.9990458,17.85,37.41921212968615,-5.9990122601054265,28.133517254600427
2024/05/14-12:20:58,trash_3,12.918026989892878,37.4191621,-5.9990458,17.85,37.4192648948033,-5.999114251730674,-27.97357689619499
2024/05/14-12:20:58,trash_0,5.202516487011669,37.4191621,-5.9990458,17.85,37.419208970002785,-5.999044888970843,0.8881847617843235
2024/05/14-12:20:58,trash_1,6.340839545583275,37.4191621,-5.9990458,17.85,37.419212577169624,-5.999012247912716,27.930511750264188
2024/05/14-12:20:58,trash_0,5.190434641012008,37.4191634,-5.999045,18.93,37.41921015644193,-5.999043767460457,1.2044706679732968
2024/05/14-12:20:58,trash_1,6.147329017880544,37.4191634,-5.999045,18.93,37.419212028487614,-5.999011753189463,28.603737201623673
2024/05/14-12:20:58,trash_0,5.089393407375068,37.4191634,-5.999045,18.93,37.41920925355073,-5.9990443619052245,0.6359093238588898
2024/05/14-12:20:58,trash_1,12.687122816383333,37.4191634,-5.999045,18.93,37.41926388412765,-5.999113333682384,-28.47515265939147
2024/05/14-12:20:58,trash_2,6.077520607439699,37.4191634,-5.999045,18.93,37.41921156919537,-5.999012345306543,28.399977476229836
2024/05/14-12:20:58,trash_0,5.068147533586849,37.4191634,-5.999045,18.93,37.41920906485155,-5.999045116309544,-0.11639478355001032
2024/05/14-12:20:58,trash_1,5.929034482692076,37.4191634,-5.999045,18.93,37.419216683018725,-5.999049822992081,-4.129292654728715
2024/05/14-12:20:58,trash_2,12.060575333322996,37.4191634,-5.999045,18.93,37.419258401897906,-5.999111146640221,-29.044849750054496
2024/05/14-12:20:58,trash_3,6.035414449790969,37.4191634,-5.999045,18.93,37.41921141854332,-5.999012999696018,27.991736693733
2024/05/14-12:20:59,trash_0,5.018098056577183,37.4191649,-5.9990441,20.03,37.41921011275385,-5.999043680692349,0.4238036660559743
2024/05/14-12:20:59,trash_1,5.972041223949039,37.4191649,-5.9990441,20.03,37.41921201381573,-5.99901150849677,28.88726517170594
2024/05/14-12:20:59,trash_0,4.973410808958113,37.4191649,-5.9990441,20.03,37.41920971133139,-5.999044048275551,0.05274832857288558
2024/05/14-12:20:59,trash_1,11.984681532739344,37.4191649,-5.9990441,20.03,37.419259466212495,-5.999109463004743,-28.867157328919838
2024/05/14-12:20:59,trash_2,5.965902724240017,37.4191649,-5.9990441,20.03,37.41921205786288,-5.99901175302655,28.682565977246952
2024/05/14-12:20:59,trash_0,4.910130965674014,37.4191661,-5.9990433,21.02,37.41921033813142,-5.9990426480569905,0.6734318637623282
2024/05/14-12:20:59,trash_1,5.903738992956136,37.4191661,-5.9990433,21.02,37.41921241228898,-5.999010491396827,29.46764396405422
2024/05/14-12:20:59,trash_2,12.084109385545164,37.4191661,-5.9990433,21.02,37.41926202327275,-5.999107886089682,-28.236816170847806
2024/05/14-12:20:59,trash_3,5.661384518865511,37.4191661,-5.9990433,21.02,37.419217018025435,-5.999047141379215,-3.4434443440837086
2024/05/14-12:20:59,trash_0,4.863477350886872,37.4191661,-5.9990433,21.02,37.41920992080565,-5.99904335745055,-0.059912091500947895
2024/05/14-12:20:59,trash_1,5.837170200505591,37.4191661,-5.9990433,21.02,37.41921207427232,-5.999011273482678,29.057151062502214
2024/05/14-12:20:59,trash_2,8.002109593376158,37.4191661,-5.9990433,21.02,37.41923615217989,-5.99906469423205,-13.68986933647837
2024/05/14-12:20:59,trash_3,,37.4191661,-5.9990433,21.02,,,
2024/05/14-12:20:59,trash_0,4.707883955609703,37.4191661,-5.9990433,21.02,37.41920850754597,-5.99904453068273,-1.3259472217885069
2024/05/14-12:20:59,trash_1,5.752951672031304,37.4191661,-5.9990433,21.02,37.41921167955414,-5.999012349434644,28.43986379733089
2024/05/14-12:20:59,trash_2,8.045357341861266,37.4191661,-5.9990433,21.02,37.419236138153344,-5.999066738662331,-14.944804063319967
2024/05/14-12:20:59,trash_0,4.6130064444122825,37.4191675,-5.9990424,22.04,37.4192090521042,-5.9990436488157215,-1.3731658183521063
2024/05/14-12:20:59,trash_1,5.197540410428787,37.4191675,-5.9990424,22.04,37.41921413021123,-5.999047828623104,-5.304929096689005
2024/05/14-12:20:59,trash_2,5.609853200656893,37.4191675,-5.9990424,22.04,37.419211688087884,-5.999011630153644,29.047365506263137
2024/05/14-12:20:59,trash_3,8.351674386092922,37.4191675,-5.9990424,22.04,37.41924018337849,-5.999066831319358,-15.007829934009735
2024/05/14-12:20:59,trash_0,4.593564783302508,37.4191688,-5.9990416,23.05,37.41921018386932,-5.999042406437771,-0.8904419312470786
2024/05/14-12:20:59,trash_1,5.136158049963091,37.4191688,-5.9990416,23.05,37.4192149270678,-5.9990462781651255,-4.624618489836394
2024/05/14-12:20:59,trash_2,5.552881338646114,37.4191688,-5.9990416,23.05,37.419212283939764,-5.9990105731170615,29.64413587654119
2024/05/14-12:20:59,trash_0,4.532893625040448,37.4191688,-5.9990416,23.05,37.41920962294775,-5.9990431724759645,-1.759721242046492
2024/05/14-12:20:59,trash_1,4.9538156189814675,37.4191688,-5.9990416,23.05,37.41921322163262,-5.999047062716796,-5.601805910194635
2024/05/14-12:20:59,trash_2,5.431221941537258,37.4191688,-5.9990416,23.05,37.41921150498804,-5.999011638914302,29.23021606074451
2024/05/14-12:20:59,trash_0,4.484841984368679,37.4191701,-5.9990407,24.18,37.419210495647114,-5.999042014726682,-1.486976784847311
2024/05/14-12:20:59,trash_1,4.854427287272737,37.4191701,-5.9990407,24.18,37.41921367591192,-5.999045435428882,-4.953698844512914
2024/05/14-12:20:59,trash_2,5.50332091573135,37.4191701,-5.9990407,24.18,37.41921306617816,-5.999009666123527,29.945647637143704
2024/05/14-12:21:00,trash_0,4.433391888904528,37.4191701,-5.9990407,24.18,37.419210021455534,-5.999042443949482,-1.9955043899299731
2024/05/14-12:21:00,trash_1,4.8043486684346,37.4191701,-5.9990407,24.18,37.419213193736425,-5.9990458369569115,-5.43111583984625
2024/05/14-12:21:00,trash_2,5.305183461636083,37.4191701,-5.9990407,24.18,37.41921160540452,-5.9990109717234565,29.73813330121074
2024/05/14-12:21:00,trash_0,4.367302966297902,37.4191701,-5.9990407,24.18,37.41920939630217,-5.999043281511768,-2.9993439431467195
2024/05/14-12:21:00,trash_1,5.246121213644545,37.4191701,-5.9990407,24.18,37.41921131226534,-5.999011676597612,29.322670797926982
2024/05/14-12:21:00,trash_2,4.673342784917995,37.4191701,-5.9990407,24.18,37.41921193470083,-5.999046701761222,-6.527668538820016
2024/05/14-12:21:00,trash_0,4.289350825633436,37.4191712,-5.9990399,25.16,37.419209805612994,-5.9990421646121534,-2.678721712225162
2024/05/14-12:21:00,trash_1,4.620056447325551,37.4191712,-5.9990399,25.16,37.419212574894544,-5.999045641720772,-6.315995426725262
2024/05/14-12:21:00,trash_2,5.156777930809083,37.4191712,-5.9990399,25.16,37.419211484461975,-5.9990108723001905,29.886665337995723
2024/05/14-12:21:00,trash_0,4.274915552701796,37.4191712,-5.9990399,25.16,37.41920964627147,-5.999042841315811,-3.4918059101946426
2024/05/14-12:21:00,trash_1,5.134018170275431,37.4191712,-5.9990399,25.16,37.419211390154565,-5.999011183324372,29.678472385993363
2024/05/14-12:21:00,trash_0,4.26131697772423,37.4191712,-5.9990399,25.16,37.419209502949826,-5.999043235980213,-3.9736988445129136
2024/05/14-12:21:00,trash_1,5.067066304476718,37.4191712,-5.9990399,25.16,37.41921094796651,-5.999011738815439,29.470159799164676
2024/05/14-12:21:00,trash_0,4.176837759940717,37.4191723,-5.9990389,26.18,37.41920983220026,-5.99904236958216,-4.216856474413952
2024/05/14-12:21:00,trash_1,4.940993704145852,37.4191723,-5.9990389,26.18,37.41921090732407,-5.9990111056325715,29.86455840562322
2024/05/14-12:21:00,trash_2,7.771542042375797,37.4191723,-5.9990389,26.18,37.419239190857596,-5.999064863806232,-17.201728248934245
2024/05/14-12:21:00,trash_0,4.09749076710663,37.4191723,-5.9990389,26.18,37.419209095935344,-5.999042678585169,-4.682328256565356
2024/05/14-12:21:00,trash_1,4.445433899083011,37.4191723,-5.9990389,26.18,37.419211866226426,-5.999046714902193,-8.952515772689743
2024/05/14-12:21:00,trash_2,7.819728860995253,37.4191723,-5.9990389,26.18,37.41923944377768,-5.999065671399861,-17.64128008092436
2024/05/14-12:21:00,trash_3,5.064233267361084,37.4191723,-5.9990389,26.18,37.419212034816894,-5.999010774702093,29.44699225917615
2024/05/14-12:21:00,trash_0,4.464649044905927,37.4191733,-5.9990381,27.1,37.41921307613541,-5.999045632684375,-8.589293361093596
2024/05/14-12:21:00,trash_1,4.096954633367588,37.4191733,-5.9990381,27.1,37.419210106705826,-5.999041631413749,-4.375995426725261
2024/05/14-12:21:00,trash_2,4.923632286702956,37.4191733,-5.9990381,27.1,37.41921165799672,-5.999010156558293,30.158076046997465
2024/05/14-12:21:00,trash_3,7.683991723252371,37.4191733,-5.9990381,27.1,37.41923941580903,-5.999063858179781,-17.261761019046197
2024/05/14-12:21:00,trash_0,4.318889450038591,37.4191733,-5.9990381,27.1,37.41921174915302,-5.99904561865291,-8.864804063319966
2024/05/14-12:21:00,trash_1,4.0933112194420715,37.4191733,-5.9990381,27.1,37.41921003364724,-5.9990422362420155,-5.1319111658659935
2024/05/14-12:21:00,trash_2,4.843340355364317,37.4191733,-5.9990381,27.1,37.419211112195825,-5.999010784993774,29.949078409910904
2024/05/14-12:21:00,trash_3,7.473927694422017,37.4191733,-5.9990381,27.1,37.41923738269123,-5.999064046979319,-17.897429059314064
2024/05/14-12:21:00,trash_0,4.383328203873696,37.4191733,-5.9990381,27.1,37.419212216631415,-5.999046540377292,-9.814105583881584
2024/05/14-12:21:00,trash_1,4.0125163438027975,37.4191733,-5.9990381,27.1,37.41920927301268,-5.999042623858664,-5.727735100838551
2024/05/14-12:21:00,trash_2,7.524759344016167,37.4191733,-5.9990381,27.1,37.41923766551625,-5.999064810213315,-18.31352412084535
2024/05/14-12:21:00,trash_3,5.005967346235619,37.4191733,-5.9990381,27.1,37.41921254515235,-5.999010226238967,29.530860941945186
2024/05/14-12:21:01,trash_0,7.5671255916099565,37.4191743,-5.9990371,28.15,37.41923889227681,-5.999064469037981,-18.67286104753137
2024/05/14-12:21:01,trash_1,4.734738738541183,37.4191743,-5.9990371,28.15,37.41921126285676,-5.99901039425224,29.953062358188006
2024/05/14-12:21:01,trash_0,7.3276917896278295,37.4191752,-5.9990362,29.15,37.4192374819865,-5.999063671944031,-19.382247501396222
2024/05/14-12:21:01,trash_1,4.581062427909941,37.4191752,-5.9990362,29.15,37.41921098011878,-5.99901039800827,29.905842749408492
2024/05/14-12:21:01,trash_2,3.8401331881540193,37.4191752,-5.9990362,29.15,37.41920951522373,-5.999041757354793,-7.360105172596725
2024/05/14-12:21:01,trash_3,4.120190557347041,37.4191752,-5.9990362,29.15,37.41921158414207,-5.999045444176088,-11.45553394321287
2024/05/14-12:21:01,trash_0,7.074356516980033,37.4191752,-5.9990362,29.15,37.419235158754354,-5.999063320420771,-19.837560993265775
2024/05/14-12:21:01,trash_1,4.517103471375565,37.4191752,-5.9990362,29.15,37.4192105545417,-5.999010920176566,29.696315801355592
2024/05/14-12:21:01,trash_2,4.06458300021984,37.4191752,-5.9990362,29.15,37.419211093088755,-5.999045319413341,-11.45553394321287
2024/05/14-12:21:01,trash_0,4.43043022556508,37.4191762,-5.9990353,30.34,37.419210680750204,-5.999010080479112,30.257669695188273
2024/05/14-12:21:01,trash_1,4.028472829407819,37.4191762,-5.9990353,30.34,37.41921175998394,-5.999044425977297,-11.5680632046252
2024/05/14-12:21:01,trash_0,4.043025287193931,37.4191762,-5.9990353,30.34,37.419211751685516,-5.999045259974527,-12.595709212722287
2024/05/14-12:21:01,trash_1,4.3635540943469815,37.4191762,-5.9990353,30.34,37.41921023250214,-5.999010617053017,30.048117923586855
2024/05/14-12:21:01,trash_0,4.002220551964292,37.4191762,-5.9990353,30.34,37.4192112510935,-5.999045923773431,-13.590167961644287
2024/05/14-12:21:01,trash_1,4.418754332247316,37.4191762,-5.9990353,30.34,37.41921087965907,-5.999010780343555,29.419531875045692
2024/05/14-12:21:01,trash_0,3.991892006153932,37.4191771,-5.9990344,31.55,37.419212096850146,-5.999044806747102,-13.34245067905395
2024/05/14-12:21:01,trash_1,4.288517604959774,37.4191771,-5.9990344,31.55,37.41921049227375,-5.999010022688915,30.210588244409244
2024/05/14-12:21:01,trash_2,3.661104249273375,37.4191771,-5.9990344,31.55,37.41920965398229,-5.999041081053712,-9.296235580893235
2024/05/14-12:21:01,trash_0,3.919258145516962,37.4191771,-5.9990344,31.55,37.41921130761385,-5.9990453921702445,-14.375156482443725
2024/05/14-12:21:01,trash_1,3.626294167864319,37.4191771,-5.9990344,31.55,37.41920924110988,-5.999041765568538,-10.3580632046252
2024/05/14-12:21:01,trash_2,4.299850113358139,37.4191771,-5.9990344,31.55,37.41921079221447,-5.999010419926876,29.582455249783575
2024/05/14-12:21:02,trash_0,3.881779187270516,37.4191779,-5.9990335,32.99,37.41921174516714,-5.999044558435094,-14.606436441533717
2024/05/14-12:21:02,trash_1,3.54565936170725,37.4191779,-5.9990335,32.99,37.41920928929679,-5.9990409519117645,-10.721993562064313
2024/05/14-12:21:02,trash_2,4.190893641052107,37.4191779,-5.9990335,32.99,37.41921060942367,-5.999009844832963,29.976691561392876
2024/05/14-12:21:02,trash_0,3.7476252553715748,37.4191779,-5.9990335,32.99,37.41921041752358,-5.999044909213695,-15.633971905363644
2024/05/14-12:21:02,trash_1,3.5203564625427846,37.4191779,-5.9990335,32.99,37.419208949084975,-5.999041630577748,-11.797087649828917
2024/05/14-12:21:02,trash_2,4.1671994582825445,37.4191779,-5.9990335,32.99,37.419210560422385,-5.999010276540143,29.558909072783678
2024/05/14-12:21:02,trash_0,3.4760048118430347,37.4191779,-5.9990335,32.99,37.41920842468385,-5.999042290011858,-12.935156482443723
2024/05/14-12:21:02,trash_1,4.120002579222118,37.4191779,-5.9990335,32.99,37.419210453783705,-5.999011131584952,28.724482755639293
2024/05/14-12:21:02,trash_2,3.8749406967624718,37.4191779,-5.9990335,32.99,37.41921143146888,-5.999045696089359,-16.17738908928358
2024/05/14-12:21:02,trash_0,3.4711633011218117,37.4191786,-5.9990327,34.36,37.41920911563224,-5.999041293046418,-12.65837598441901
2024/05/14-12:21:02,trash_1,4.061837510718692,37.4191786,-5.9990327,34.36,37.41921046267906,-5.999010125794985,29.46983104130149
2024/05/14-12:21:02,trash_0,3.373245274865348,37.4191786,-5.9990327,34.36,37.419208115977554,-5.999041791059245,-13.802001107166006
2024/05/14-12:21:02,trash_1,4.050806129418377,37.4191786,-5.9990327,34.36,37.41921056965523,-5.999010621967501,28.846342419400205
2024/05/14-12:21:02,trash_0,3.449329478466316,37.4191794,-5.9990318,35.85,37.41920967677596,-5.999040596777498,-13.047157328919837
2024/05/14-12:21:02,trash_1,4.030275362706985,37.4191794,-5.9990318,35.85,37.419210938622946,-5.999009232377392,29.714160860679875
2024/05/14-12:21:02,trash_0,3.9374478094212972,37.4191794,-5.9990318,35.85,37.419210462898924,-5.999010312252817,28.88686403667667
2024/05/14-12:21:02,trash_1,,37.4191794,-5.9990318,35.85,,,
2024/05/14-12:21:02,trash_0,3.8922160413398372,37.41918,-5.999031,37.31,37.419210578051626,-5.99900947076283,29.316869629828894
2024/05/14-12:21:02,trash_0,3.8865276866245932,37.4191806,-5.99903,38.98,37.41921074912383,-5.9990076660094775,30.576285687566084
2024/05/14-12:21:03,trash_0,3.742627317649371,37.4191806,-5.99903,38.98,37.41921005186823,-5.999009408011527,29.14632808974676
2024/05/14-12:21:03,trash_0,3.644375368576639,37.4191811,-5.9990292,40.53,37.41920974168748,-5.9990090656182975,29.278633884732905
2024/05/14-12:21:03,trash_0,3.637311535066623,37.4191811,-5.9990292,40.53,37.41920990826006,-5.999009609542418,28.474631104473232
2024/05/14-12:21:03,trash_0,3.596672543276127,37.4191816,-5.9990283,42.39,37.419209795470486,-5.999008270531826,29.535418293784318
2024/05/14-12:21:03,trash_0,3.582943394846941,37.4191816,-5.9990283,42.39,37.41920995912101,-5.99900895958984,28.543541519546874
2024/05/14-12:21:03,trash_0,3.5296109039834986,37.4191816,-5.9990283,42.39,37.41920984378569,-5.99900997230207,27.364408636029008
2024/05/14-12:21:03,trash_0,3.4753564885355956,37.419182,-5.9990275,44.13,37.41920961442947,-5.99900898877592,28.131607189020077
2024/05/14-12:21:03,trash_0,3.442722260615679,37.419182,-5.9990275,44.13,37.41920954957908,-5.999009626074095,27.360099215775847
2024/05/14-12:21:03,trash_0,3.436570189723475,37.419182,-5.9990275,44.13,37.4192096416684,-5.999010004667958,26.78553289966234
2024/05/14-12:21:04,trash_0,3.406581557641691,37.4191825,-5.9990267,46.07,37.419209609921595,-5.999008653848503,27.965021680733678
2024/05/14-12:21:04,trash_0,3.366097336762969,37.4191825,-5.9990267,46.07,37.419209607088845,-5.999009643800327,26.64997749387385
2024/05/14-12:21:04,trash_0,3.304599279007651,37.4191829,-5.9990259,47.89,37.419209516998684,-5.999009168291746,26.627866363572565
2024/05/14-12:21:04,trash_0,3.28261181902863,37.4191829,-5.9990259,47.89,37.41920946455898,-5.999009595081688,26.083909021293813
2024/05/14-12:21:04,trash_0,3.259809504787337,37.4191832,-5.9990251,49.8,37.41920938916103,-5.99900842838563,26.91834619360611
2024/05/14-12:21:04,trash_0,3.233197354948747,37.4191832,-5.9990251,49.8,37.41920929658589,-5.999008867311181,26.386834181647888
2024/05/14-12:21:04,trash_0,3.2091742824287683,37.4191835,-5.9990243,51.52,37.41920921067921,-5.999007711529836,27.230412747660765
2024/05/14-12:21:04,trash_0,3.1897424076611456,37.4191835,-5.9990243,51.52,37.41920928857935,-5.999008393945658,26.19447381926892
2024/05/14-12:21:04,trash_0,3.1680698362539834,37.4191835,-5.9990243,51.52,37.41920933328845,-5.9990090753471,25.175962785932125
2024/05/14-12:21:04,trash_0,3.138758477954411,37.4191835,-5.9990243,51.52,37.419209198834864,-5.999009498307963,24.673304464456216
2024/05/14-12:21:05,trash_0,3.122117622877921,37.4191838,-5.9990235,53.28,37.41920913314889,-5.999008166063184,25.769979212251712
2024/05/14-12:21:05,trash_0,3.106202268724406,37.4191838,-5.9990235,53.28,37.41920927416757,-5.99900896670724,24.46706609461602
2024/05/14-12:21:05,trash_0,3.0786584019204355,37.4191838,-5.9990235,53.28,37.41920917494184,-5.999009449814518,23.8275255759683
2024/05/14-12:21:05,trash_0,3.062320837599231,37.419184,-5.9990227,54.89,37.41920923133005,-5.9990086989814175,23.8735093833732
2024/05/14-12:21:05,trash_0,3.0377001087562396,37.419184,-5.9990227,54.89,37.41920914530322,-5.999009147343112,23.26182963199007
2024/05/14-12:21:05,trash_0,3.0163946799848125,37.4191842,-5.9990219,56.63,37.419209094786744,-5.999008228141946,23.654542733819355
2024/05/14-12:21:05,trash_0,3.0144096864694903,37.4191842,-5.9990219,56.63,37.419209215450785,-5.999008636327535,22.923309445646595
2024/05/14-12:21:05,trash_0,2.9879134936662157,37.4191842,-5.9990219,56.63,37.41920909976053,-5.999009066197081,22.34714077324159
2024/05/14-12:21:05,trash_0,2.9736936069094577,37.4191844,-5.9990212,58.28,37.419209010659635,-5.999007918875064,23.287882802236645
2024/05/14-12:21:05,trash_0,2.9382462953929966,37.4191844,-5.9990212,58.28,37.419208891467605,-5.999008596648076,22.315195936680034
2024/05/14-12:21:05,trash_0,2.952217054891407,37.4191844,-5.9990212,58.28,37.419209126129054,-5.99900890401328,21.634755795658272
2024/05/14-12:21:06,trash_0,2.9485318403001344,37.4191846,-5.9990204,60.04,37.419209104221636,-5.99900753185099,22.726128937872765
2024/05/14-12:21:06,trash_0,2.9480495138986322,37.4191846,-5.9990204,60.04,37.419209261214725,-5.999008026929848,21.809653228307624
2024/05/14-12:21:06,trash_0,2.92194115839595,37.4191846,-5.9990204,60.04,37.41920915067588,-5.99900848001931,21.16884291701931
2024/05/14-12:21:06,trash_0,2.901733513841476,37.4191847,-5.9990197,61.6,37.41920898774118,-5.999007565187907,21.727089890671103
2024/05/14-12:21:06,trash_0,2.8882185554027844,37.4191847,-5.9990197,61.6,37.419209034775186,-5.999008138317284,20.753764419106766
2024/05/14-12:21:06,trash_0,2.8688643429988177,37.4191849,-5.9990191,63.24,37.41920901580744,-5.999007432522161,21.10065171286302
2024/05/14-12:21:06,trash_0,2.8639525582674095,37.4191849,-5.9990191,63.24,37.41920913610589,-5.999007991762755,20.080467322458375
2024/05/14-12:21:06,trash_0,2.835814827969685,37.4191849,-5.9990191,63.24,37.41920899771075,-5.999008449133965,19.418719919075635
2024/05/14-12:21:06,trash_0,2.8248506053160685,37.419185,-5.9990184,64.71,37.41920892914696,-5.999007525884784,19.922912350171075
2024/05/14-12:21:06,trash_0,2.844447170271704,37.419185,-5.9990184,64.71,37.41920918918994,-5.999007781394576,19.296475879154634
2024/05/14-12:21:06,trash_0,2.804505574010355,37.419185,-5.9990184,64.71,37.419208937476576,-5.999008250929096,18.683634577713057
2024/05/14-12:21:06,trash_0,2.820685067311971,37.4191851,-5.9990178,66.26,37.419209095146215,-5.9990072988975,19.241624015581003
2024/05/14-12:21:07,trash_0,2.8137786619919996,37.4191851,-5.9990178,66.26,37.41920915943413,-5.999007777488871,18.37923771072291
2024/05/14-12:21:07,trash_0,2.7842267102327445,37.4191851,-5.9990178,66.26,37.41920899514666,-5.999008222778702,17.727752498603778
2024/05/14-12:21:07,trash_0,,37.4191851,-5.9990172,67.61,,,
2024/05/14-12:21:07,trash_0,,37.4191851,-5.9990172,67.61,,,
2024/05/14-12:21:12,trash_0,7.092743807260722,37.4191844,-5.9990091,94.73,37.419214932369,-5.998938710813363,61.460575551831774
2024/05/14-12:21:13,trash_0,7.586691345614556,37.4191841,-5.9990085,97.38,37.41921533332813,-5.99893226406086,62.81198150686377
2024/05/14-12:21:13,trash_0,7.726117062115293,37.4191841,-5.9990085,97.38,37.419215907323505,-5.998930863021261,62.81198150686377
2024/05/14-12:21:13,trash_0,8.290061780664542,37.4191839,-5.999008,100.08,37.419216022651284,-5.998923451286143,64.52918020921491
2024/05/14-12:21:14,trash_0,8.306324298838343,37.4191838,-5.9990078,101.46,37.419214514127844,-5.998922230969412,65.7707066389064
2024/05/14-12:21:14,trash_0,8.513759539619027,37.4191838,-5.9990078,101.46,37.419215281156156,-5.998920094038656,65.7707066389064
2024/05/14-12:21:14,trash_0,8.553022399308183,37.4191837,-5.9990075,102.74,37.41921408949038,-5.998918707968363,66.77519593668003
2024/05/14-12:21:14,trash_0,8.837813899642772,37.4191837,-5.9990075,102.74,37.4192154504547,-5.998915940491929,66.50159447581365
2024/05/14-12:21:14,trash_0,8.66785705190458,37.4191837,-5.9990075,102.74,37.41921517915939,-5.998917887391754,66.22989482740327
2024/05/14-12:21:14,trash_0,8.755559937442419,37.4191837,-5.9990075,102.74,37.41921583729248,-5.99891716941317,65.96008932332829
2024/05/14-12:21:14,trash_0,9.094421493981175,37.4191836,-5.9990073,104.13,37.419215155937174,-5.998912485760758,67.35008932332829
2024/05/14-12:21:14,trash_0,9.025141566518863,37.4191836,-5.9990073,104.13,37.41921509123284,-5.998913300258693,67.2158944161184
2024/05/14-12:21:14,trash_0,8.968982919822212,37.4191835,-5.999007,105.39,37.41921332473758,-5.998912831968438,68.34217006599027
2024/05/14-12:21:14,trash_0,9.229898829982055,37.4191835,-5.999007,105.39,37.419214550923485,-5.998910272258009,68.07612893787277
2024/05/14-12:21:14,trash_0,9.161049663035328,37.4191835,-5.999007,105.39,37.41921467202849,-5.998911172964239,67.81195761092008
2024/05/14-12:21:15,trash_0,8.889841471601343,37.4191833,-5.9990068,106.74,37.419212135848,-5.998913106699432,68.8996475557328
2024/05/14-12:21:15,trash_0,8.93251188690336,37.4191833,-5.9990068,106.74,37.41921227425721,-5.9989126569800995,68.8996475557328
2024/05/14-12:21:15,trash_0,8.849350615369165,37.4191833,-5.9990068,106.74,37.41921217381249,-5.99891361563483,68.76918778678031
2024/05/14-12:21:15,trash_0,9.38458995384872,37.4191831,-5.9990063,109.3,37.419211600839525,-5.998906487914448,70.30204748955805
2024/05/14-12:21:15,trash_0,9.508898652569114,37.4191831,-5.9990063,109.3,37.41921197836235,-5.998905165798589,70.30204748955805
2024/05/14-12:21:16,trash_0,9.514117214525896,37.4191828,-5.9990056,112.95,37.41920775289176,-5.998902775041146,73.07708989067109
2024/05/14-12:21:16,trash_0,10.018718681143023,37.4191828,-5.9990056,112.95,37.419209261967495,-5.998897392592186,72.95388273810535
2024/05/14-12:21:51,trash_0,3.5014136350921827,37.4191759,-5.9989992,130.52,37.41916144615316,-5.998964040741527,117.26769151037975
