Datetime,Class,Distance (m),Drone Lat,Drone Lon,Drone Heading,Object Lat,Object Lon,Object Heading
2024/05/14-11:59:37,trash_0,inf,37.4191835,-5.999125,329.67,,,
2024/05/14-11:59:37,trash_0,inf,37.4191848,-5.9991262,330.2,,,
2024/05/14-11:59:37,trash_0,inf,37.419186,-5.9991273,330.84,,,
2024/05/14-11:59:37,trash_0,inf,37.419186,-5.9991273,330.84,,,
2024/05/14-11:59:38,trash_0,inf,37.4191884,-5.9991296,332.48,,,
2024/05/14-11:59:38,trash_0,inf,37.4191884,-5.9991296,332.48,,,
2024/05/14-11:59:43,trash_0,inf,37.4192131,-5.9991486,330.85,,,
2024/05/14-11:59:44,trash_0,inf,37.4192181,-5.9991531,329.67,,,
2024/05/14-11:59:44,trash_0,inf,37.4192181,-5.9991531,329.67,,,
2024/05/14-11:59:47,trash_0,inf,37.4192357,-5.9991682,335.44,,,
2024/05/14-11:59:48,trash_0,inf,37.4192369,-5.999169,335.78,,,
2024/05/14-11:59:48,trash_0,inf,37.4192381,-5.9991696,335.98,,,
2024/05/14-12:00:30,trash_0,8.737115528117771,37.4193248,-5.9992411,147.09,37.41930402944732,-5.999145895836686,105.2982116943762
2024/05/14-12:00:30,trash_0,9.424581356964978,37.4193248,-5.9992411,147.09,37.419302727172045,-5.999138291888931,105.06608391862078
2024/05/14-12:00:30,trash_0,9.245137125057528,37.419324,-5.9992404,147.26,37.4193024323104,-5.999139520774356,105.00563882298569
2024/05/14-12:00:30,trash_0,9.169883034050459,37.419324,-5.9992404,147.26,37.41930371506775,-5.9991399800888,104.21217487673975
2024/05/14-12:00:30,trash_0,9.214974192501003,37.4193231,-5.9992397,147.31,37.419303114387255,-5.9991386608925374,103.92827175106575
2024/05/14-12:00:30,trash_0,9.146962676211393,37.4193231,-5.9992397,147.31,37.41930356999607,-5.999139311603615,103.70769298847492
2024/05/14-12:00:30,trash_0,8.737945595301673,37.4193223,-5.9992391,147.12,37.41930418974129,-5.999143036065154,103.29871991907564
2024/05/14-12:00:30,trash_0,8.762769775575185,37.4193223,-5.9992391,147.12,37.41930428434819,-5.999142720050144,103.18983203835572
2024/05/14-12:00:30,trash_0,8.799357115018681,37.4193223,-5.9992391,147.12,37.419304209126985,-5.9991423176334235,103.18983203835572
2024/05/14-12:00:31,trash_0,9.036481030809167,37.4193215,-5.9992384,146.82,37.41930333693765,-5.999138888956129,102.8898320383557
2024/05/14-12:00:31,trash_0,8.345616730273257,37.4193215,-5.9992384,146.82,37.41930472555764,-5.999146496852629,102.8898320383557
2024/05/14-12:00:31,trash_0,8.727488505343748,37.4193215,-5.9992384,146.82,37.419304392138024,-5.999142168683716,102.56554626989782
2024/05/14-12:00:31,trash_0,9.100055884596564,37.4193207,-5.9992378,146.49,37.41930332304817,-5.999137333521581,102.23554626989784
2024/05/14-12:00:31,trash_0,8.973832786449018,37.4193207,-5.9992378,146.49,37.41930356407725,-5.999138727050084,102.23554626989784
2024/05/14-12:00:31,trash_0,8.665623392714327,37.4193207,-5.9992378,146.49,37.41930443803018,-5.999142052842585,102.02132334456985
2024/05/14-12:00:31,trash_0,9.02247818397144,37.4193199,-5.9992372,146.14,37.41930374998229,-5.999137306266118,101.45866142978238
2024/05/14-12:00:31,trash_0,8.606659098613346,37.4193199,-5.9992372,146.14,37.41930477443097,-5.9991418395463745,101.24754932094604
2024/05/14-12:00:31,trash_0,,37.4193192,-5.9992367,145.83,,,
2024/05/14-12:00:35,trash_0,inf,37.4193075,-5.9992263,148.92,,,
2024/05/14-12:00:36,trash_0,inf,37.4193061,-5.9992254,151.26,,,
2024/05/14-12:00:36,trash_0,inf,37.4193061,-5.9992254,151.26,,,
2024/05/14-12:00:36,trash_0,inf,37.4193048,-5.9992245,153.53,,,
2024/05/14-12:00:40,trash_0,inf,37.4192786,-5.9992144,157.77,,,
2024/05/14-12:00:40,trash_0,inf,37.4192786,-5.9992144,157.77,,,
2024/05/14-12:00:40,trash_0,inf,37.4192786,-5.9992144,157.77,,,
2024/05/14-12:00:41,trash_0,inf,37.4192724,-5.9992108,154.53,,,
2024/05/14-12:00:53,trash_0,inf,37.4192112,-5.9991774,152.16,,,
2024/05/14-12:00:56,trash_0,inf,37.4191908,-5.999164,152.69,,,
2024/05/14-12:00:56,trash_0,inf,37.4191908,-5.999164,152.69,,,
2024/05/14-12:00:56,trash_0,inf,37.4191892,-5.999163,152.67,,,
2024/05/14-12:00:57,trash_0,inf,37.4191892,-5.999163,152.67,,,
2024/05/14-12:00:57,trash_0,inf,37.4191892,-5.999163,152.67,,,
2024/05/14-12:00:57,trash_0,inf,37.4191878,-5.9991621,152.44,,,
2024/05/14-12:00:57,trash_0,inf,37.4191878,-5.9991621,152.44,,,
2024/05/14-12:00:57,trash_0,inf,37.4191878,-5.9991621,152.44,,,
2024/05/14-12:00:57,trash_0,inf,37.4191878,-5.9991621,152.44,,,
2024/05/14-12:00:57,trash_0,inf,37.4191862,-5.9991612,152.22,,,
2024/05/14-12:00:57,trash_0,inf,37.4191862,-5.9991612,152.22,,,
2024/05/14-12:00:57,trash_0,inf,37.4191847,-5.9991603,151.94,,,
2024/05/14-12:00:59,trash_0,inf,37.4191768,-5.9991551,150.5,,,
2024/05/14-12:00:59,trash_0,inf,37.4191753,-5.9991542,150.15,,,
2024/05/14-12:00:59,trash_0,inf,37.4191753,-5.9991542,150.15,,,
2024/05/14-12:01:00,trash_0,inf,37.419166,-5.9991479,148.82,,,
2024/05/14-12:01:00,trash_0,inf,37.419166,-5.9991479,148.82,,,
2024/05/14-12:01:01,trash_0,inf,37.4191644,-5.9991467,148.83,,,
2024/05/14-12:01:01,trash_0,inf,37.4191644,-5.9991467,148.83,,,
2024/05/14-12:01:01,trash_0,inf,37.4191629,-5.9991457,148.79,,,
2024/05/14-12:01:01,trash_0,inf,37.4191613,-5.9991446,148.77,,,
2024/05/14-12:01:01,trash_0,inf,37.4191613,-5.9991446,148.77,,,
2024/05/14-12:01:01,trash_0,inf,37.4191613,-5.9991446,148.77,,,
2024/05/14-12:01:01,trash_0,inf,37.4191613,-5.9991446,148.77,,,
2024/05/14-12:01:01,trash_0,inf,37.4191598,-5.9991436,148.75,,,
2024/05/14-12:01:01,trash_0,inf,37.4191598,-5.9991436,148.75,,,
2024/05/14-12:01:01,trash_0,inf,37.4191598,-5.9991436,148.75,,,
2024/05/14-12:01:02,trash_0,inf,37.4191583,-5.9991425,148.69,,,
2024/05/14-12:01:02,trash_0,inf,37.4191569,-5.9991416,148.76,,,
2024/05/14-12:01:02,trash_0,inf,37.4191569,-5.9991416,148.76,,,
2024/05/14-12:01:02,trash_0,inf,37.4191569,-5.9991416,148.76,,,
2024/05/14-12:01:02,trash_0,inf,37.4191554,-5.9991406,148.79,,,
2024/05/14-12:01:02,trash_0,inf,37.4191554,-5.9991406,148.79,,,
2024/05/14-12:01:02,trash_0,inf,37.4191554,-5.9991406,148.79,,,
2024/05/14-12:01:02,trash_0,inf,37.4191541,-5.9991398,148.76,,,
2024/05/14-12:01:02,trash_0,inf,37.4191541,-5.9991398,148.76,,,
2024/05/14-12:01:02,trash_0,inf,37.4191541,-5.9991398,148.76,,,
2024/05/14-12:01:02,trash_0,inf,37.4191527,-5.9991388,148.86,,,
2024/05/14-12:01:03,trash_0,inf,37.4191527,-5.9991388,148.86,,,
2024/05/14-12:01:03,trash_0,inf,37.4191527,-5.9991388,148.86,,,
2024/05/14-12:01:03,trash_0,inf,37.4191515,-5.999138,148.97,,,
2024/05/14-12:01:03,trash_0,inf,37.4191515,-5.999138,148.97,,,
2024/05/14-12:01:03,trash_0,inf,37.4191515,-5.999138,148.97,,,
2024/05/14-12:01:03,trash_0,inf,37.4191515,-5.999138,148.97,,,
2024/05/14-12:01:03,trash_0,inf,37.4191502,-5.9991371,148.92,,,
2024/05/14-12:01:03,trash_0,inf,37.4191502,-5.9991371,148.92,,,
2024/05/14-12:01:03,trash_0,inf,37.4191491,-5.9991363,148.89,,,
2024/05/14-12:01:04,trash_0,inf,37.4191479,-5.9991355,148.96,,,
2024/05/14-12:01:04,trash_0,inf,37.4191468,-5.9991348,149.0,,,
2024/05/14-12:01:04,trash_0,inf,37.4191458,-5.9991341,149.39,,,
2024/05/14-12:01:04,trash_0,inf,37.4191458,-5.9991341,149.39,,,
2024/05/14-12:01:04,trash_0,inf,37.4191448,-5.9991334,149.96,,,
2024/05/14-12:01:04,trash_0,inf,37.4191448,-5.9991334,149.96,,,
2024/05/14-12:01:04,trash_0,inf,37.4191448,-5.9991334,149.96,,,
2024/05/14-12:01:04,trash_0,inf,37.4191448,-5.9991334,149.96,,,
2024/05/14-12:01:05,trash_0,inf,37.4191437,-5.9991327,150.66,,,
2024/05/14-12:01:05,trash_0,inf,37.4191437,-5.9991327,150.66,,,
2024/05/14-12:01:05,trash_0,inf,37.4191437,-5.9991327,150.66,,,
2024/05/14-12:01:05,trash_0,inf,37.4191428,-5.9991321,151.38,,,
2024/05/14-12:01:05,trash_0,inf,37.4191428,-5.9991321,151.38,,,
2024/05/14-12:01:05,trash_0,inf,37.4191428,-5.9991321,151.38,,,
2024/05/14-12:01:05,trash_0,inf,37.4191418,-5.9991314,152.1,,,
2024/05/14-12:01:05,trash_0,inf,37.4191418,-5.9991314,152.1,,,
2024/05/14-12:01:05,trash_0,inf,37.4191418,-5.9991314,152.1,,,
2024/05/14-12:01:05,trash_0,inf,37.419141,-5.9991309,152.51,,,
2024/05/14-12:01:05,trash_0,inf,37.419141,-5.9991309,152.51,,,
2024/05/14-12:01:06,trash_0,inf,37.4191401,-5.9991304,152.8,,,
2024/05/14-12:01:06,trash_0,inf,37.4191394,-5.9991299,152.8,,,
2024/05/14-12:01:06,trash_0,inf,37.4191394,-5.9991299,153.24,,,
2024/05/14-12:01:06,trash_0,inf,37.4191394,-5.9991299,153.24,,,
2024/05/14-12:01:06,trash_0,inf,37.4191394,-5.9991299,153.24,,,
2024/05/14-12:01:06,trash_0,inf,37.4191394,-5.9991299,153.24,,,
2024/05/14-12:01:06,trash_0,inf,37.4191385,-5.9991294,153.94,,,
2024/05/14-12:01:06,trash_0,inf,37.4191385,-5.9991294,153.94,,,
2024/05/14-12:01:06,trash_0,inf,37.4191378,-5.999129,154.88,,,
2024/05/14-12:01:06,trash_0,inf,37.4191378,-5.999129,154.88,,,
2024/05/14-12:01:06,trash_0,inf,37.419137,-5.9991284,156.1,,,
2024/05/14-12:01:07,trash_0,inf,37.419137,-5.9991284,156.1,,,
2024/05/14-12:01:07,trash_0,inf,37.4191361,-5.9991279,157.45,,,
2024/05/14-12:01:07,trash_0,inf,37.4191361,-5.9991279,157.45,,,
2024/05/14-12:01:07,trash_0,inf,37.4191361,-5.9991279,157.45,,,
2024/05/14-12:01:07,trash_0,inf,37.4191352,-5.9991274,159.19,,,
2024/05/14-12:01:23,trash_0,inf,37.4190452,-5.9991112,190.28,,,
2024/05/14-12:01:24,trash_0,inf,37.4190447,-5.9991112,194.02,,,
2024/05/14-12:03:21,trash_0,inf,37.4191806,-5.9992456,330.67,,,
2024/05/14-12:03:21,trash_0,inf,37.4191806,-5.9992456,330.67,,,
2024/05/14-12:03:22,trash_0,inf,37.419181,-5.9992457,321.1,,,
2024/05/14-12:03:22,trash_0,inf,37.419181,-5.9992457,321.1,,,
2024/05/14-12:03:22,trash_0,inf,37.419181,-5.9992457,321.1,,,
2024/05/14-12:03:22,trash_0,inf,37.4191813,-5.9992459,316.83,,,
2024/05/14-12:03:22,trash_0,inf,37.4191813,-5.9992459,316.83,,,
2024/05/14-12:03:22,trash_0,inf,37.4191817,-5.9992462,313.4,,,
2024/05/14-12:03:22,trash_0,inf,37.4191817,-5.9992462,313.4,,,
2024/05/14-12:03:24,trash_0,inf,37.4191852,-5.9992512,298.79,,,
2024/05/14-12:03:25,trash_0,inf,37.4191893,-5.9992578,317.0,,,
2024/05/14-12:03:26,trash_0,inf,37.4191893,-5.9992578,317.0,,,
2024/05/14-12:03:26,trash_0,inf,37.4191893,-5.9992578,317.0,,,
2024/05/14-12:03:26,trash_0,inf,37.41919,-5.9992583,321.54,,,
2024/05/14-12:03:26,trash_0,inf,37.4191908,-5.9992588,326.52,,,
2024/05/14-12:03:26,trash_0,inf,37.4191908,-5.9992588,326.52,,,
2024/05/14-12:03:26,trash_0,inf,37.4191915,-5.9992591,330.35,,,
2024/05/14-12:03:28,trash_0,inf,37.4191958,-5.9992607,334.72,,,
2024/05/14-12:03:28,trash_0,inf,37.4191969,-5.9992613,332.84,,,
2024/05/14-12:03:28,trash_0,inf,37.4191981,-5.999262,330.28,,,
2024/05/14-12:03:28,trash_0,inf,37.4191992,-5.9992627,327.72,,,
2024/05/14-12:03:28,trash_0,inf,37.4191992,-5.9992627,327.72,,,
2024/05/14-12:03:28,trash_0,inf,37.4191992,-5.9992627,327.72,,,
2024/05/14-12:03:29,trash_0,inf,37.4192004,-5.9992637,324.88,,,
2024/05/14-12:03:29,trash_0,inf,37.4192014,-5.9992647,322.45,,,
2024/05/14-12:03:29,trash_0,inf,37.4192025,-5.9992659,320.09,,,
2024/05/14-12:03:29,trash_0,inf,37.4192025,-5.9992659,320.09,,,
2024/05/14-12:03:29,trash_0,inf,37.4192025,-5.9992659,320.09,,,
2024/05/14-12:03:29,trash_0,inf,37.4192025,-5.9992659,320.09,,,
2024/05/14-12:03:29,trash_0,inf,37.4192035,-5.9992671,318.41,,,
2024/05/14-12:03:29,trash_0,inf,37.4192046,-5.9992684,317.19,,,
2024/05/14-12:03:30,trash_0,inf,37.4192046,-5.9992684,317.19,,,
2024/05/14-12:03:30,trash_0,inf,37.4192046,-5.9992684,317.19,,,
2024/05/14-12:03:30,trash_0,inf,37.4192046,-5.9992684,317.19,,,
2024/05/14-12:03:30,trash_0,inf,37.4192056,-5.9992698,316.66,,,
2024/05/14-12:03:30,trash_0,inf,37.4192056,-5.9992698,316.66,,,
2024/05/14-12:03:30,trash_0,inf,37.4192056,-5.9992698,316.66,,,
2024/05/14-12:03:30,trash_0,inf,37.4192067,-5.9992712,316.66,,,
2024/05/14-12:03:30,trash_0,inf,37.4192067,-5.9992712,316.66,,,
2024/05/14-12:03:30,trash_0,inf,37.4192067,-5.9992712,316.66,,,
2024/05/14-12:03:30,trash_0,inf,37.4192078,-5.9992725,317.28,,,
2024/05/14-12:03:30,trash_0,inf,37.4192078,-5.9992725,317.28,,,
2024/05/14-12:03:30,trash_0,inf,37.4192078,-5.9992725,317.28,,,
2024/05/14-12:03:30,trash_0,inf,37.419209,-5.9992739,318.57,,,
2024/05/14-12:03:31,trash_0,inf,37.419209,-5.9992739,318.57,,,
2024/05/14-12:03:31,trash_0,inf,37.419209,-5.9992739,318.57,,,
2024/05/14-12:03:31,trash_0,inf,37.4192101,-5.9992752,320.29,,,
2024/05/14-12:03:31,trash_0,inf,37.4192101,-5.9992752,320.29,,,
2024/05/14-12:03:31,trash_0,inf,37.4192101,-5.9992752,320.29,,,
2024/05/14-12:03:31,trash_0,inf,37.4192126,-5.9992776,324.89,,,
2024/05/14-12:03:31,trash_0,inf,37.4192126,-5.9992776,324.89,,,
2024/05/14-12:03:31,trash_0,inf,37.4192126,-5.9992776,324.89,,,
2024/05/14-12:03:32,trash_0,inf,37.419214,-5.9992787,327.53,,,
2024/05/14-12:03:32,trash_0,inf,37.419214,-5.9992787,327.53,,,
2024/05/14-12:03:32,trash_0,inf,37.419214,-5.9992787,327.53,,,
2024/05/14-12:03:32,trash_0,inf,37.4192154,-5.9992796,330.03,,,
2024/05/14-12:03:32,trash_0,inf,37.4192154,-5.9992796,330.03,,,
2024/05/14-12:03:32,trash_0,inf,37.419217,-5.9992805,332.77,,,
2024/05/14-12:03:37,trash_0,inf,37.419244,-5.9992934,333.83,,,
2024/05/14-12:03:37,trash_0,inf,37.4192454,-5.9992943,333.52,,,
2024/05/14-12:03:46,trash_0,inf,37.419282,-5.9993223,269.05,,,
2024/05/14-12:03:46,trash_0,inf,37.419282,-5.9993223,269.05,,,
2024/05/14-12:03:46,trash_0,inf,37.4192819,-5.9993229,262.4,,,
2024/05/14-12:04:26,trash_0,inf,37.4191705,-5.9994444,318.24,,,
2024/05/14-12:04:26,trash_0,inf,37.4191715,-5.9994455,320.96,,,
2024/05/14-12:04:28,trash_0,inf,37.4191769,-5.9994507,322.5,,,
2024/05/14-12:04:28,trash_0,inf,37.419178,-5.999452,320.56,,,
2024/05/14-12:04:28,trash_0,inf,37.419178,-5.999452,320.56,,,
2024/05/14-12:04:28,trash_0,inf,37.4191789,-5.9994533,318.54,,,
2024/05/14-12:05:23,trash_0,inf,37.4191564,-5.9996871,150.87,,,
2024/05/14-12:05:25,trash_0,10.435093452357226,37.4191508,-5.9996765,93.8,37.419118889543235,-5.9995656139226945,109.83986755067177
2024/05/14-12:05:25,trash_0,9.706366538070784,37.4191508,-5.9996765,93.8,37.419118383788664,-5.999574659639238,111.75609302588956
2024/05/14-12:05:25,trash_0,9.88021441847173,37.4191508,-5.9996765,93.8,37.419116446845884,-5.999573530550512,112.69913916673518
2024/05/14-12:05:31,trash_0,7.619103642643615,37.4191591,-5.9996592,64.03,37.41913325166784,-5.99957946290193,112.1186347505515
2024/05/14-12:05:32,trash_0,8.382462966782576,37.4191597,-5.9996561,67.0,37.41912812525748,-5.999570077101222,114.71188998597843
2024/05/14-12:06:03,trash_0,2.254639230181996,37.4192443,-5.9994506,65.23,37.41924262960835,-5.999425216024134,94.71650260154637
2024/05/14-12:06:12,trash_0,2.2575422505489415,37.4192658,-5.9993736,67.84,37.41926348804496,-5.999348262241913,96.5263667233063
2024/05/14-12:06:13,trash_0,inf,37.4192665,-5.999369,71.26,,,
2024/05/14-12:06:13,trash_0,inf,37.4192665,-5.999369,71.26,,,
2024/05/14-12:06:13,trash_0,inf,37.4192665,-5.999369,71.26,,,
2024/05/14-12:06:14,trash_0,inf,37.4192668,-5.9993664,73.59,,,
2024/05/14-12:06:14,trash_1,inf,37.4192668,-5.9993664,73.59,,,
2024/05/14-12:06:19,trash_0,inf,37.4192674,-5.999364,70.84,,,
2024/05/14-12:06:19,trash_0,inf,37.4192673,-5.9993645,71.7,,,
2024/05/14-12:06:20,trash_0,2.219563524899257,37.4192668,-5.9993675,74.26,37.419265308564015,-5.999342495835214,94.27689511620636
2024/05/14-12:06:22,trash_0,inf,37.4192659,-5.9993737,70.47,,,
2024/05/14-12:06:22,trash_0,inf,37.4192659,-5.9993737,70.47,,,
2024/05/14-12:06:25,trash_0,2.0273549641720248,37.4192643,-5.9993839,65.87,37.41926269588798,-5.999361085834124,95.03794018994424
2024/05/14-12:06:25,trash_0,2.2190768721184475,37.4192642,-5.9993849,65.84,37.419262343904066,-5.999359939759118,95.32650260154637
2024/05/14-12:06:26,trash_0,1.9937175889386551,37.419264,-5.9993859,65.74,37.41926251310294,-5.999363454637024,94.74791283558454
2024/05/14-12:06:26,trash_0,2.0509315814171494,37.4192635,-5.9993889,65.84,37.4192618868719,-5.999365819460592,95.00794018994424
2024/05/14-12:06:27,trash_0,2.0711302746947386,37.4192631,-5.9993909,66.21,37.41926145494174,-5.999367593922341,95.05738827638196
2024/05/14-12:06:30,trash_0,2.065386914295975,37.4192606,-5.9994053,67.26,37.41925909447506,-5.999382044196576,94.64033880330906
2024/05/14-12:06:31,trash_0,2.006034591866067,37.4192604,-5.9994063,67.24,37.419258944027575,-5.999383711852161,94.62033880330905
2024/05/14-12:06:31,trash_0,2.1297107768181593,37.4192599,-5.9994102,67.01,37.419258375968,-5.999386217062627,94.55532470852233
2024/05/14-12:06:35,trash_0,2.126655757880705,37.4192583,-5.9994209,66.49,37.41925689670059,-5.999396940088013,94.19981651663659
2024/05/14-12:06:38,trash_0,2.40620060689521,37.4192576,-5.9994283,76.36,37.41925625593097,-5.999401169896917,93.55431782487813
2024/05/14-12:06:38,trash_0,2.218738671527512,37.4192575,-5.9994282,82.44,37.41925662084153,-5.999403159581502,92.52051175026419
2024/05/14-12:06:38,trash_0,2.2118604451851027,37.4192575,-5.9994283,87.95,37.419257877250324,-5.999403317511264,88.9153494822954
2024/05/14-12:06:39,trash_0,2.1603292887387155,37.4192571,-5.9994288,101.36,37.4192462369469,-5.999408549226703,123.92327399335167
2024/05/14-12:06:39,trash_0,2.2038583729615615,37.4192571,-5.9994288,101.36,37.419256782151365,-5.999403906621927,90.91715045210387
2024/05/14-12:06:39,trash_0,2.106773931133447,37.4192571,-5.9994288,101.36,37.419257064006594,-5.999405000219438,90.10863388473291
2024/05/14-12:06:40,trash_0,2.4562286698993363,37.4192569,-5.9994293,103.93,37.41925625334712,-5.999401564300744,91.67436828645646
2024/05/14-12:06:40,trash_0,2.255111962713133,37.4192568,-5.9994295,102.95,37.41925669546689,-5.999404024767445,90.29475773279398
2024/05/14-12:06:40,trash_0,2.306872630892314,37.4192567,-5.9994296,100.84,37.41925603911895,-5.99940355287628,91.82204853041756
2024/05/14-12:06:41,trash_0,2.358306100603144,37.4192569,-5.9994298,85.62,37.419255620710764,-5.999403206992989,93.4515900458947
2024/05/14-12:06:42,trash_0,2.360710394262901,37.4192569,-5.9994298,82.75,37.41925547443621,-5.999403191467367,93.84288716810204
2024/05/14-12:06:42,trash_0,2.2795725306992196,37.4192572,-5.9994297,79.25,37.4192561461267,-5.999403982024911,92.94112526136797
2024/05/14-12:06:42,trash_0,2.2349753908802024,37.4192573,-5.9994296,79.01,37.419256212357254,-5.999404388762526,93.0960842050639
2024/05/14-12:06:43,trash_0,2.2955751244799685,37.4192575,-5.9994282,87.99,37.41925697089894,-5.999402275811762,91.46582154219591
2024/05/14-12:06:44,trash_0,2.2326327253398635,37.4192574,-5.9994277,91.96,37.419256961495414,-5.999402484366779,91.24904341004519
2024/05/14-12:06:44,trash_0,2.2196016793713587,37.4192573,-5.9994275,93.66,37.419246987674214,-5.999406016130194,121.04033880330906
2024/05/14-12:06:46,trash_0,2.3322808005525837,37.4192571,-5.9994267,97.33,37.4192562054146,-5.999400376553311,92.43983104130149
2024/05/14-12:06:46,trash_0,2.2805654922416445,37.4192571,-5.9994267,97.33,37.41924564581967,-5.999405310791073,123.87801724781356
2024/05/14-12:06:48,trash_0,2.233670542198201,37.4192576,-5.9994248,82.94,37.41925653950012,-5.99939960170584,93.02051175026419
2024/05/14-12:06:49,trash_0,2.2927694829409413,37.4192577,-5.9994246,82.53,37.41925654007429,-5.999398739880617,93.21874170571392
2024/05/14-12:06:50,trash_0,2.272981415048422,37.4192579,-5.9994237,85.08,37.41924728740839,-5.999401739026931,121.21113931180226
2024/05/14-12:06:50,trash_0,2.45999132902126,37.4192579,-5.9994234,86.25,37.41925720063319,-5.999395623783929,91.80813330121075
2024/05/14-12:06:50,trash_0,2.5614061010117912,37.4192578,-5.9994231,87.53,37.41925672383495,-5.999394195759258,92.67267079792698
2024/05/14-12:06:51,trash_0,2.7270866173533146,37.4192577,-5.9994218,93.4,37.419257175471614,-5.999390999642543,91.22317522339333
2024/05/14-12:06:52,trash_0,2.5018450230528084,37.4192577,-5.9994218,93.4,37.419257301094135,-5.999393541559318,91.01395329354573
2024/05/14-12:06:52,trash_0,2.3416736354222465,37.4192577,-5.9994218,93.4,37.419257326632824,-5.999395350701608,91.01395329354573
2024/05/14-12:06:53,trash_0,2.1424577850375814,37.4192576,-5.999421,94.54,37.419256874464295,-5.999396814163742,92.15395329354573
2024/05/14-12:06:54,trash_0,2.376476618912359,37.4192576,-5.9994203,91.08,37.41925652299782,-5.9993934873775805,92.88306235818801
2024/05/14-12:06:54,trash_0,2.3075385456421045,37.4192577,-5.9994198,88.14,37.41925658478112,-5.999393769703944,93.07473326535789
2024/05/14-12:06:55,trash_0,2.4498830383076493,37.4192577,-5.9994198,88.14,37.41925659603967,-5.999392158771613,92.86666533799573
2024/05/14-12:06:57,trash_0,2.345356756209958,37.4192584,-5.9994183,84.04,37.419257482780786,-5.9993918299206355,92.48764396405423
2024/05/14-12:06:57,trash_0,2.162034287799725,37.4192585,-5.9994178,85.99,37.4192579737026,-5.9993933848259005,91.54813330121074
2024/05/14-12:06:57,trash_0,2.2320980702094007,37.4192585,-5.9994178,85.99,37.41925781108817,-5.999392599211287,91.96301031029246
2024/05/14-12:06:58,trash_0,2.2869237404813916,37.4192586,-5.9994174,88.31,37.419257882827736,-5.99939158071077,91.99455840562322
2024/05/14-12:06:58,trash_0,2.271703980746989,37.4192586,-5.9994171,89.44,37.41924779774436,-5.999395301864712,121.85361416693327
2024/05/14-12:06:58,trash_0,2.36389265529611,37.4192586,-5.9994171,89.44,37.41925782694668,-5.999390413150195,92.08000486512574
2024/05/14-12:06:58,trash_0,2.826495521551617,37.4192586,-5.9994171,89.44,37.41925795449852,-5.999385179876864,91.45238413286059
2024/05/14-12:06:58,trash_0,2.417339572121407,37.4192587,-5.9994167,91.26,37.419258013449564,-5.999389405345174,91.8063158013556
2024/05/14-12:07:00,trash_0,2.137065646153922,37.4192588,-5.999416,94.22,37.41925832427056,-5.999391865345761,91.41570592524532
2024/05/14-12:07:00,trash_0,2.5369751342070415,37.4192588,-5.999416,94.22,37.4192581518583,-5.999387351798273,91.62479501322333
2024/05/14-12:07:00,trash_0,2.3495937043218813,37.4192589,-5.9994157,94.82,37.41925815536551,-5.9993891735117515,92.01570592524531
2024/05/14-12:07:01,trash_0,2.4251157983735676,37.419259,-5.9994154,94.24,37.419258133583725,-5.999388025473918,92.27245524978358
2024/05/14-12:07:01,trash_0,2.3278274454269794,37.4192591,-5.9994153,93.56,37.41925805748301,-5.999389035481155,92.8490434100452
2024/05/14-12:07:01,trash_0,2.464024239645503,37.4192591,-5.9994152,92.66,37.41925810152266,-5.999387392552476,92.57766969518826
2024/05/14-12:07:01,trash_0,2.501273928310216,37.4192592,-5.999415,91.74,37.41925912480229,-5.999386743741926,90.19116733471994
2024/05/14-12:07:02,trash_0,2.644003304328548,37.4192593,-5.9994149,90.72,37.41925799056299,-5.999385076352025,93.15086094194518
2024/05/14-12:07:02,trash_0,2.8238347162828457,37.4192594,-5.9994147,89.81,37.41925849799125,-5.999382819729812,92.03165218089713
2024/05/14-12:07:02,trash_0,2.606385503136858,37.4192595,-5.9994144,88.12,37.41925858959533,-5.999384978292828,92.22173298617024
2024/05/14-12:07:03,trash_0,2.483543445977141,37.4192596,-5.9994142,87.26,37.4192585808148,-5.999386172997645,92.61047258601765
2024/05/14-12:07:04,trash_0,2.574631780216787,37.4192601,-5.9994131,84.26,37.41925859087012,-5.999384076485664,93.72997747622985
2024/05/14-12:07:05,trash_0,2.4459630880175496,37.4192604,-5.9994127,85.04,37.41925945411122,-5.999385093882169,92.4598637973309
2024/05/14-12:07:07,trash_0,2.5640086728594214,37.4192607,-5.999411,92.12,37.41926004745917,-5.999382046438592,91.61857396035697
2024/05/14-12:07:07,trash_0,2.3288867343314594,37.4192607,-5.9994107,93.5,37.419260062192286,-5.9993844031654975,91.7417878104491
2024/05/14-12:07:08,trash_0,2.7680474248091165,37.4192607,-5.9994104,94.35,37.41925984526244,-5.999379148263458,91.96395329354571
2024/05/14-12:07:08,trash_0,2.9508385592424164,37.4192608,-5.9994101,94.09,37.41925971824844,-5.999376792540569,92.3317878104491
2024/05/14-12:07:09,trash_0,2.6068858390507974,37.4192608,-5.99941,93.56,37.419259804093045,-5.999380576989667,92.43004495470187
2024/05/14-12:07:09,trash_0,2.3964204896422476,37.4192608,-5.9994099,92.88,37.41925974610049,-5.999382860360131,92.79766969518826
2024/05/14-12:07:11,trash_0,2.5493167465046542,37.4192614,-5.9994084,85.23,37.41926017319244,-5.999379641958719,93.0615900458947
2024/05/14-12:07:12,trash_0,2.8053451057601406,37.4192616,-5.9994079,84.43,37.41926024074308,-5.999376254404993,93.08256597724696
2024/05/14-12:07:13,trash_0,2.3610722775287076,37.4192617,-5.9994075,85.48,37.41926062374862,-5.999380861570318,92.8998637973309
2024/05/14-12:07:14,trash_0,2.4905945369422375,37.4192618,-5.9994069,88.75,37.419261501406744,-5.9993787667175305,90.76238413286059
2024/05/14-12:07:14,trash_0,2.6822175142773133,37.4192618,-5.9994068,89.56,37.41926087226532,-5.999376521832805,92.20000486512575
2024/05/14-12:07:14,trash_0,2.637878489007528,37.4192619,-5.9994066,90.27,37.41926121385347,-5.999376812808152,91.65427991241867
2024/05/14-12:07:15,trash_0,2.8165211220961672,37.4192619,-5.9994063,91.76,37.41926060067266,-5.999374524028058,92.9348304014432
2024/05/14-12:07:15,trash_0,2.6696330881604324,37.4192619,-5.9994062,92.5,37.419261061125916,-5.999376060007954,91.99857396035696
2024/05/14-12:07:15,trash_0,2.679750638473551,37.4192619,-5.9994061,93.19,37.41926112027424,-5.999375843155509,91.85058824440924
2024/05/14-12:07:16,trash_0,2.46837431755378,37.4192619,-5.999406,93.85,37.41926116941533,-5.999378130293327,91.88245524978358
2024/05/14-12:07:16,trash_0,2.706022797216533,37.4192619,-5.9994058,94.43,37.41926085244029,-5.999375258803068,92.46245524978359
2024/05/14-12:07:17,trash_0,2.5809653969197814,37.4192619,-5.9994056,94.07,37.419260792135994,-5.999376476429606,92.73058824440923
2024/05/14-12:07:17,trash_0,3.1055966087753544,37.4192619,-5.9994055,93.5,37.419260538425185,-5.999370458223317,92.7890434100452
2024/05/14-12:07:18,trash_0,10.84999201590942,37.419262,-5.9994052,90.91,37.41925630285096,-5.9992828380174394,93.34086094194518
2024/05/14-12:07:18,trash_0,2.2524474582214005,37.419262,-5.999405,90.05,37.41926082572835,-5.999379597158105,93.31699225917615
2024/05/14-12:07:18,trash_0,2.370374172808708,37.4192621,-5.9994048,88.49,37.41926097907749,-5.999378059238989,93.00847238599336
2024/05/14-12:07:19,trash_0,2.2542533306620456,37.4192621,-5.9994046,87.78,37.419260990803075,-5.999379172129681,93.13047258601765
2024/05/14-12:07:19,trash_0,2.6464641688912525,37.4192621,-5.9994043,85.93,37.41926062109643,-5.999374460953226,93.55582595277163
2024/05/14-12:07:19,trash_0,2.660485084318102,37.4192621,-5.9994043,85.93,37.41926044154172,-5.999374317021401,93.96715106250223
2024/05/14-12:07:21,trash_0,2.5365612665859705,37.4192623,-5.9994035,85.56,37.419261194015675,-5.999374878520401,92.77370862390195
2024/05/14-12:07:21,trash_0,2.5184704210022537,37.4192623,-5.9994033,86.26,37.419261088333464,-5.999374889906179,93.06083954694806
2024/05/14-12:07:22,trash_0,2.4789927452514093,37.4192622,-5.9994031,87.79,37.41926105722367,-5.999375131966691,92.93267079792699
2024/05/14-12:07:22,trash_0,5.611876562844071,37.4192622,-5.9994031,87.79,37.419259796287506,-5.999339775371218,92.7247332653579
2024/05/14-12:07:22,trash_0,2.265066326999502,37.4192622,-5.9994029,88.6,37.41926146075464,-5.999377328767829,92.07582154219591
2024/05/14-12:07:22,trash_0,3.774953700069185,37.4192622,-5.9994029,88.6,37.41926084414786,-5.999360288961062,92.28455840562322
2024/05/14-12:07:22,trash_0,2.429728896763657,37.4192621,-5.9994028,89.32,37.419260793354226,-5.999375400747605,93.42173298617023
2024/05/14-12:07:22,trash_0,2.97295098166388,37.4192621,-5.9994028,89.32,37.41926050122249,-5.999369275011227,93.42173298617023
2024/05/14-12:07:23,trash_0,4.172353527558303,37.4192621,-5.9994027,90.05,37.419260335636885,-5.999355617654147,92.69000486512574
2024/05/14-12:07:23,trash_0,4.77755083665574,37.4192621,-5.9994027,90.05,37.419260079715535,-5.999348788389066,92.69000486512574
2024/05/14-12:07:23,trash_0,3.7540122976455716,37.4192621,-5.9994026,90.79,37.419260693194616,-5.999360228332518,92.38369242582365
2024/05/14-12:07:23,trash_0,2.5104456286140113,37.419262,-5.9994025,91.59,37.41926107414915,-5.999374163739641,92.3458427494085
2024/05/14-12:07:24,trash_0,4.882534323933345,37.4192619,-5.9994022,93.2,37.41925982874867,-5.999347104105393,92.69857396035697
2024/05/14-12:07:24,trash_0,2.6002266280684783,37.4192619,-5.9994022,93.2,37.41926113932651,-5.999372841220583,91.86058824440924
2024/05/14-12:07:24,trash_0,1.9907594928760683,37.4192618,-5.9994019,94.6,37.419260976167024,-5.999379434501055,92.63245524978358
2024/05/14-12:07:25,trash_0,2.8620570900450346,37.4192617,-5.9994018,94.5,37.41926037232254,-5.999369510765001,92.95116733471994
2024/05/14-12:07:25,trash_0,3.0149232688461494,37.4192617,-5.9994018,94.12,37.41926038218294,-5.9993677810853265,92.78058824440924
2024/05/14-12:07:25,trash_0,2.8075041351789727,37.4192617,-5.9994018,94.12,37.419260195788354,-5.999370140282467,93.4090434100452
2024/05/14-12:07:25,trash_0,2.9888435898594765,37.4192615,-5.9994016,92.73,37.41926025598632,-5.999367871646593,92.64766969518827
2024/05/14-12:07:25,trash_0,2.96051932423044,37.4192615,-5.9994016,92.73,37.41926026777547,-5.99936819127885,92.64766969518827
2024/05/14-12:07:25,trash_0,2.493037534183007,37.4192615,-5.9994016,92.73,37.4192599702983,-5.999373502009413,93.90483040144319
2024/05/14-12:07:26,trash_0,4.972276487273812,37.4192614,-5.9994014,91.8,37.41925874791758,-5.99934532764346,93.39369242582364
2024/05/14-12:07:26,trash_0,2.1030008456924163,37.4192614,-5.9994013,90.94,37.419260285855025,-5.999377583902742,93.37086094194518
2024/05/14-12:07:26,trash_0,2.9806545937294446,37.4192614,-5.9994012,90.07,37.419259934500545,-5.999367578281581,93.12807604699746
2024/05/14-12:07:27,trash_0,1.95676017284312,37.4192612,-5.9994007,87.02,37.41926015215092,-5.999378633927719,93.40725965296295
2024/05/14-12:07:28,trash_0,5.363045724862771,37.4192612,-5.9994006,86.55,37.4192580280357,-5.999340145361981,93.76370862390195
2024/05/14-12:07:28,trash_0,5.2230199332666665,37.4192612,-5.9994006,86.55,37.41925811085411,-5.999341723794952,93.76370862390195
2024/05/14-12:07:28,trash_0,3.261873212946551,37.4192611,-5.9994004,85.81,37.41925933863085,-5.999363617473054,93.43582595277162
2024/05/14-12:07:28,trash_0,3.657063749098264,37.4192611,-5.9994003,85.52,37.41925893773049,-5.999359075892485,93.76250401919928
2024/05/14-12:07:29,trash_0,3.0886927856007382,37.419261,-5.9994001,85.3,37.41925947967691,-5.9993652597302,93.1315900458947
2024/05/14-12:07:29,trash_0,3.512967374287244,37.419261,-5.9994001,85.3,37.41925915745954,-5.999360481971515,93.33715106250222
2024/05/14-12:07:29,trash_0,2.7982890127501134,37.419261,-5.9994001,85.18,37.41925922486051,-5.9993685667072345,94.03726517170594
2024/05/14-12:07:29,trash_0,3.311734676467778,37.419261,-5.9994001,85.18,37.41925868687626,-5.999362800541785,94.4459757236161
2024/05/14-12:07:29,trash_0,3.4342005855528637,37.419261,-5.9994,85.19,37.419259258081055,-5.999361266011686,93.22715106250222
2024/05/14-12:07:29,trash_0,3.874725123439117,37.4192609,-5.9993999,85.38,37.41925881905631,-5.999356205793514,93.41715106250221
2024/05/14-12:07:29,trash_0,3.29151217113263,37.4192609,-5.9993998,85.73,37.41925937695784,-5.999362665478357,92.94370862390195
2024/05/14-12:07:30,trash_0,2.701143667262965,37.4192608,-5.9993997,86.2,37.419259438299484,-5.999369233492355,93.20736550626314
2024/05/14-12:07:30,trash_0,3.565640111988581,37.4192608,-5.9993997,86.2,37.419259233877135,-5.999359467530492,92.79413587654119
2024/05/14-12:07:30,trash_0,2.484163926075191,37.4192607,-5.9993994,87.46,37.41925944055288,-5.999371381334042,93.2256476371437
2024/05/14-12:07:31,trash_0,9.310003443084552,37.4192605,-5.999399,89.9,37.41925556038412,-5.9992940091689615,93.37582154219592
2024/05/14-12:07:31,trash_0,3.1466454307948344,37.4192605,-5.999399,89.9,37.41925945037055,-5.999363477313908,92.12165218089713
2024/05/14-12:07:32,trash_0,3.318829982466095,37.4192604,-5.9993988,90.51,37.41925886580161,-5.999361357186061,92.94086094194519
2024/05/14-12:07:32,trash_0,2.453189375496451,37.4192604,-5.9993987,91.06,37.41925937661554,-5.999371016505659,92.65369242582365
2024/05/14-12:07:32,trash_0,4.027804185935513,37.4192602,-5.9993985,92.09,37.41925813316018,-5.999353072513926,93.26483040144319
2024/05/14-12:07:32,trash_0,3.197346712935015,37.4192602,-5.9993985,92.09,37.41925887490572,-5.999362418411656,92.6363158013556
2024/05/14-12:07:33,trash_0,2.907333924251626,37.4192602,-5.9993984,92.59,37.41925876678866,-5.999365605595711,93.1363158013556
2024/05/14-12:07:33,trash_0,3.2228174703921773,37.4192601,-5.9993983,93.0,37.41925862192382,-5.999361939639726,92.91766969518827
2024/05/14-12:07:33,trash_0,2.825560326192848,37.41926,-5.9993982,93.28,37.41925848692129,-5.999366336606516,93.40722366936139
2024/05/14-12:07:33,trash_0,3.11784009531322,37.41926,-5.9993981,93.41,37.41925847192551,-5.999362930499305,93.11811792358685
2024/05/14-12:07:33,trash_0,3.006564032591916,37.4192599,-5.9993981,93.35,37.41925855373159,-5.9993641773866315,92.84857396035696
2024/05/14-12:07:34,trash_0,3.741257104474864,37.4192599,-5.9993981,93.35,37.41925773241105,-5.999355923197985,93.68677423995284
2024/05/14-12:07:34,trash_0,4.442519229037187,37.4192598,-5.9993979,92.64,37.41925801374618,-5.999347763701829,92.55766969518827
2024/05/14-12:07:34,trash_0,3.4367917110939272,37.4192598,-5.9993979,92.64,37.419260790951185,-5.999359095102553,88.16614524188427
2024/05/14-12:07:34,trash_0,4.427088522257282,37.4192598,-5.9993978,92.08,37.41925349992618,-5.999348415744907,99.08736550626314
2024/05/14-12:07:34,trash_0,5.3282047543668005,37.4192598,-5.9993978,92.08,37.4192565488586,-5.999337746466987,93.88306235818801
2024/05/14-12:07:35,trash_0,2.5115301155920453,37.4192597,-5.9993977,91.42,37.41925826266999,-5.999369385011569,93.64165218089713
2024/05/14-12:07:35,trash_0,2.1039891952806093,37.4192597,-5.9993977,90.75,37.41925857900833,-5.99937397322568,93.39000486512575
2024/05/14-12:07:35,trash_0,4.1319456420379534,37.4192597,-5.9993976,90.02,37.419257429888546,-5.999351009053631,93.49582154219591
2024/05/14-12:07:35,trash_0,3.638712194051768,37.4192597,-5.9993975,89.4,37.41925793581668,-5.999356453715548,93.08455840562323
2024/05/14-12:07:36,trash_0,2.70951814924571,37.4192597,-5.9993974,88.77,37.41925821102049,-5.999366848072789,93.49666533799572
2024/05/14-12:07:36,trash_0,4.453592656220596,37.4192597,-5.9993973,88.22,37.41925691085046,-5.999347110291619,93.9856476371437
2024/05/14-12:07:36,trash_0,3.8204604954240557,37.4192597,-5.9993973,88.22,37.41925755625589,-5.999354224759645,93.57047258601764
2024/05/14-12:07:36,trash_0,3.4867647701285254,37.4192597,-5.9993972,87.61,37.4192573968517,-5.999357916672388,94.20413587654119
2024/05/14-12:07:36,trash_0,2.44690222729069,37.4192597,-5.9993971,87.02,37.419258310223015,-5.9993695127863065,93.61413587654118
2024/05/14-12:07:36,trash_0,4.611855477006978,37.4192597,-5.9993971,87.02,37.41925678155301,-5.999345129401225,94.02736550626314
2024/05/14-12:07:36,trash_0,3.985818236586081,37.4192597,-5.999397,86.43,37.419257159924896,-5.999352085736668,94.05582595277163
2024/05/14-12:07:37,trash_0,2.1577153779370226,37.4192598,-5.9993969,85.88,37.41925833295156,-5.999372594198272,94.32764396405422
2024/05/14-12:07:37,trash_0,4.10840467268205,37.4192598,-5.9993969,85.88,37.41925687465777,-5.999350633285491,94.53256597724695
2024/05/14-12:07:37,trash_0,2.6365088508068557,37.4192598,-5.9993969,85.31,37.41925841302151,-5.999367166670319,93.34715106250222
2024/05/14-12:07:37,trash_0,4.403649894903768,37.4192598,-5.9993968,84.88,37.41925693137944,-5.999347182990911,94.14597572361609
2024/05/14-12:07:38,trash_0,2.6202389866460867,37.4192598,-5.9993967,84.56,37.41925814080512,-5.999367172848728,94.02997747622983
2024/05/14-12:07:38,trash_0,2.3793209976552747,37.4192598,-5.9993965,85.1,37.41925847343791,-5.999369672771942,93.54764396405422
2024/05/14-12:07:38,trash_0,2.301878729604148,37.4192598,-5.9993963,85.75,37.41925843009407,-5.999370352899026,93.78715106250222
2024/05/14-12:07:39,trash_0,2.828441061826045,37.4192598,-5.9993963,85.75,37.41925848234586,-5.999364390376889,92.96370862390195
2024/05/14-12:07:39,trash_0,3.4447685148904323,37.4192599,-5.999396,87.23,37.41925782993843,-5.9993571717521,93.82413587654119
2024/05/14-12:07:39,trash_0,2.5116768711269892,37.4192599,-5.999396,87.94,37.4192581924411,-5.99936770694915,94.32725965296295
2024/05/14-12:07:39,trash_0,4.167392603068661,37.4192599,-5.999396,87.94,37.419257608901525,-5.999349009476936,93.49813330121074
2024/05/14-12:07:39,trash_0,2.452543392459432,37.4192599,-5.999396,87.94,37.41925871164406,-5.999368334175377,93.08267079792698
2024/05/14-12:07:40,trash_0,2.9085324123663368,37.4192599,-5.9993958,88.69,37.419258338179006,-5.999363001265828,93.41666533799572
2024/05/14-12:07:40,trash_0,2.78325056848886,37.4192599,-5.9993958,88.69,37.419258587465734,-5.999364401243009,93.00015979916468
2024/05/14-12:07:40,trash_0,3.821513672531435,37.4192599,-5.9993957,89.31,37.41925735140473,-5.999352647506745,94.2447332653579
2024/05/14-12:07:40,trash_0,2.939510736941053,37.4192599,-5.9993957,89.31,37.4192581315632,-5.9993625670118735,93.82847238599336
2024/05/14-12:07:41,trash_0,5.836754921619626,37.4192599,-5.9993952,91.46,37.41925729036651,-5.999329344520838,92.84427991241867
2024/05/14-12:07:41,trash_0,3.103173054410319,37.4192598,-5.9993951,91.96,37.41925827097045,-5.999360096502559,93.13483040144318
2024/05/14-12:07:41,trash_0,1.907748146985494,37.4192598,-5.9993951,91.96,37.419258797258614,-5.999373585233968,93.34427991241867
2024/05/14-12:07:42,trash_0,3.698537782276503,37.4192598,-5.9993949,92.78,37.419258231547175,-5.999353164626204,92.69766969518827
2024/05/14-12:07:42,trash_0,2.6580988246128547,37.4192598,-5.9993948,93.08,37.419258285187404,-5.999364832086613,93.62631580135559
2024/05/14-12:07:42,trash_0,2.3314410825988867,37.4192598,-5.9993948,93.08,37.419258548025844,-5.9993685089717435,93.41677423995284
2024/05/14-12:07:42,trash_0,3.6545417853645974,37.4192598,-5.9993948,93.08,37.4192580780068,-5.999353571829163,92.99766969518826
2024/05/14-12:07:42,trash_0,2.499810427176705,37.4192599,-5.9993947,93.34,37.419258455598296,-5.999366518244071,93.67677423995285
2024/05/14-12:07:45,trash_0,3.6656101162649226,37.4192603,-5.9993935,87.41,37.419257756149605,-5.999352213310578,94.41736550626314
2024/05/14-12:07:45,trash_0,2.813137450590789,37.4192603,-5.9993934,86.85,37.419259510581256,-5.999361635938051,91.78473326535789
2024/05/14-12:07:46,trash_0,2.9944315498542005,37.4192604,-5.9993933,86.23,37.41925810359377,-5.999359595229283,94.88256597724695
2024/05/14-12:07:46,trash_0,2.963182909381352,37.4192606,-5.9993929,84.7,37.41925875339581,-5.9993595056484725,93.9659757236161
2024/05/14-12:07:47,trash_0,2.859974597067737,37.4192606,-5.9993929,84.7,37.41925909303215,-5.999360646704923,93.35256597724695
2024/05/14-12:07:47,trash_0,2.8790254967333073,37.4192608,-5.9993925,85.55,37.419258991538264,-5.999360055330241,93.99764396405422
2024/05/14-12:07:51,trash_0,6.9160171947836195,37.4192611,-5.9993906,93.48,37.419250421362925,-5.999313626808599,99.86725965296296
2024/05/14-12:07:51,trash_0,2.836432485175334,37.4192612,-5.9993902,93.71,37.41925995621658,-5.9993581953309505,92.78953187504568
2024/05/14-12:07:51,trash_0,2.6785894287797922,37.4192612,-5.9993902,93.71,37.4192594967985,-5.999360015928944,94.04677423995284
2024/05/14-12:07:52,trash_0,3.163691303989035,37.4192613,-5.99939,92.73,37.41925915093888,-5.999354362095051,94.32369242582365
2024/05/14-12:07:52,trash_0,3.2048942201206874,37.4192613,-5.99939,92.73,37.41925912295012,-5.999353897958248,94.32369242582365
2024/05/14-12:07:52,trash_0,2.8367426842711185,37.4192613,-5.9993899,91.99,37.41925951598887,-5.999357932013653,94.00238413286058
2024/05/14-12:07:55,trash_0,2.846271160859176,37.4192623,-5.9993886,84.65,37.41926009449501,-5.999356565340871,94.93351725460043
2024/05/14-12:07:55,trash_0,2.615877996650467,37.4192624,-5.9993885,84.51,37.41926043040518,-5.999359052283985,94.79351725460043
2024/05/14-12:07:56,trash_0,2.4121395225215143,37.4192627,-5.9993882,84.9,37.41926104395414,-5.999361029737638,94.36997747622985
2024/05/14-12:07:56,trash_0,2.3833642855516346,37.4192629,-5.9993878,85.99,37.41926270942315,-5.999360876646388,90.50847238599336
2024/05/14-12:07:58,trash_0,3.9056173400392815,37.4192635,-5.9993867,90.04,37.419260830745635,-5.999342706091248,94.35015979916469
2024/05/14-12:07:59,trash_0,2.619702070091506,37.4192638,-5.9993864,90.61,37.41926211819684,-5.999356880938776,94.08582154219592
2024/05/14-12:08:00,trash_0,3.6088134290791563,37.4192647,-5.9993855,92.33,37.41924748111575,-5.999350917305178,121.97503739700613
2024/05/14-12:08:03,trash_0,2.8603446849279277,37.4192661,-5.9993845,88.66,37.41926411127252,-5.9993522835751945,94.4256476371437
2024/05/14-12:08:07,trash_0,inf,37.4192688,-5.9993825,47.08,,,
2024/05/14-12:08:07,trash_0,inf,37.419269,-5.9993825,45.68,,,
2024/05/14-12:08:07,trash_0,inf,37.419269,-5.9993825,45.68,,,
2024/05/14-12:08:07,trash_0,inf,37.419269,-5.9993825,45.68,,,
2024/05/14-12:08:07,trash_0,inf,37.4192692,-5.9993825,45.09,,,
2024/05/14-12:08:07,trash_0,inf,37.4192693,-5.9993825,45.25,,,
2024/05/14-12:08:07,trash_0,inf,37.4192693,-5.9993825,45.25,,,
2024/05/14-12:08:07,trash_0,inf,37.4192693,-5.9993825,45.25,,,
2024/05/14-12:08:07,trash_0,inf,37.4192693,-5.9993825,45.25,,,
2024/05/14-12:08:13,trash_0,inf,37.4192702,-5.9993855,46.33,,,
2024/05/14-12:08:13,trash_0,inf,37.4192702,-5.9993858,45.08,,,
2024/05/14-12:08:13,trash_0,inf,37.4192702,-5.9993858,45.08,,,
2024/05/14-12:08:13,trash_0,inf,37.4192702,-5.9993858,45.08,,,
2024/05/14-12:08:13,trash_0,inf,37.4192702,-5.9993858,45.08,,,
2024/05/14-12:08:13,trash_0,inf,37.4192702,-5.9993861,44.15,,,
2024/05/14-12:08:15,trash_0,inf,37.4192699,-5.9993877,42.67,,,
2024/05/14-12:08:15,trash_0,inf,37.4192697,-5.9993878,43.15,,,
2024/05/14-12:08:15,trash_0,inf,37.4192697,-5.9993877,43.54,,,
2024/05/14-12:08:16,trash_0,inf,37.4192697,-5.9993877,43.54,,,
2024/05/14-12:08:16,trash_0,inf,37.4192695,-5.9993874,44.48,,,
2024/05/14-12:08:16,trash_1,inf,37.4192695,-5.9993874,44.48,,,
2024/05/14-12:08:16,trash_0,inf,37.4192695,-5.9993874,44.48,,,
2024/05/14-12:08:16,trash_0,inf,37.4192695,-5.9993874,44.48,,,
2024/05/14-12:08:16,trash_0,inf,37.4192695,-5.9993874,44.48,,,
2024/05/14-12:08:16,trash_0,inf,37.4192694,-5.9993873,45.0,,,
2024/05/14-12:08:16,trash_0,inf,37.4192694,-5.9993873,45.0,,,
2024/05/14-12:08:16,trash_0,inf,37.4192694,-5.9993873,45.0,,,
2024/05/14-12:08:17,trash_0,inf,37.4192694,-5.9993871,45.56,,,
2024/05/14-12:08:17,trash_0,inf,37.4192694,-5.9993871,45.56,,,
2024/05/14-12:08:17,trash_0,inf,37.4192694,-5.9993871,45.56,,,
2024/05/14-12:08:17,trash_0,inf,37.4192693,-5.9993869,46.02,,,
2024/05/14-12:08:18,trash_0,inf,37.4192686,-5.9993859,50.64,,,
2024/05/14-12:08:18,trash_0,,37.4192686,-5.9993859,50.64,,,
2024/05/14-12:08:19,trash_0,2.147566050884596,37.4192682,-5.9993854,54.88,37.419271708347765,-5.999361541449088,79.5539038021193
2024/05/14-12:08:22,trash_0,1.9312215138868918,37.4192663,-5.9993834,59.43,37.4192713522699,-5.99936252320045,73.12112526136796
2024/05/14-12:08:23,trash_0,1.9919691173566256,37.4192661,-5.9993832,60.45,37.41927196217307,-5.999361931253442,70.93626209498312
2024/05/14-12:08:27,trash_0,2.10320222179096,37.419264,-5.9993827,69.04,37.41926870179453,-5.9993596834533545,75.6341358765412
2024/05/14-12:08:27,trash_0,2.1027471812594074,37.419264,-5.9993827,69.04,37.41926876701572,-5.9993597098634694,75.42725965296296
2024/05/14-12:08:27,trash_0,2.153870013056926,37.4192639,-5.9993826,69.19,37.41926920860284,-5.999359196167127,74.12473326535789
2024/05/14-12:08:28,trash_0,1.8094898392883496,37.4192637,-5.9993825,69.47,37.41926819709814,-5.999362851537014,73.98847238599336
2024/05/14-12:08:28,trash_1,2.0329808689451316,37.4192637,-5.9993825,69.47,37.41926907208801,-5.999360543672047,72.94582154219592
2024/05/14-12:08:29,trash_0,4.5387873969742305,37.4192635,-5.9993823,69.4,37.419276818458215,-5.999333821480101,70.99369242582365
2024/05/14-12:08:30,trash_0,1.8219683379609908,37.4192631,-5.9993823,69.01,37.41926826818177,-5.999362764161413,71.65000486512575
2024/05/14-12:08:30,trash_0,1.8448216275561766,37.419263,-5.9993821,69.15,37.41926819444124,-5.999362303147146,71.79000486512575
2024/05/14-12:08:30,trash_0,1.7476340095612204,37.419263,-5.9993821,69.15,37.41926813875442,-5.99936343819074,70.95306235818802
2024/05/14-12:08:31,trash_0,1.735132826716186,37.4192629,-5.9993821,69.43,37.41926771295877,-5.999363450509819,72.07000486512575
2024/05/14-12:08:33,trash_0,1.969947361982946,37.4192624,-5.9993821,73.52,37.419268566245854,-5.999361231948381,69.67149154794204
2024/05/14-12:08:35,trash_0,1.7892406430798489,37.4192616,-5.9993816,75.11,37.41926160509465,-5.999361387289452,89.98188738579316
2024/05/14-12:08:40,trash_0,2.4155256655741097,37.4192604,-5.9993814,79.85,37.419260349279135,-5.999354112340094,90.13351725460042
2024/05/14-12:08:40,trash_0,1.8011323744383432,37.4192602,-5.9993813,80.4,37.419263337919396,-5.999361336934345,78.85116733471995
2024/05/14-12:09:16,trash_0,2.11387097449004,37.4192587,-5.9993811,85.53,37.41925278486553,-5.9993584008174405,108.09327399335169
2024/05/14-12:09:18,trash_0,1.9608629726793754,37.4192592,-5.9993811,84.72,37.419253793978214,-5.999360010955547,107.81728805467525
2024/05/14-12:09:20,trash_0,1.7990402824618583,37.4192598,-5.9993812,83.32,37.419257655307135,-5.999361055258412,97.60305496656595
2024/05/14-12:09:45,trash_0,2.1269438614881158,37.4192591,-5.9993813,82.69,37.41925458511058,-5.9993579486408235,103.62641415624284
2024/05/14-12:09:46,trash_0,1.8936490317772168,37.4192591,-5.9993812,83.23,37.41925606891993,-5.999360148076201,100.23287893171215
2024/05/14-12:09:47,trash_0,2.0884344681872196,37.4192589,-5.999381,85.3,37.41925482903646,-5.99935796608837,102.49431782487812
2024/05/14-12:09:48,trash_0,1.9511849305675413,37.4192588,-5.9993813,88.79,37.41925547912482,-5.999359654654513,100.88829722600784
2024/05/14-12:10:18,trash_0,2.2274097390783023,37.4192593,-5.9993803,49.93,37.41927929504769,-5.999378136433946,4.93257094068592
2024/05/14-12:10:50,trash_0,3.223545340764944,37.4193791,-5.9994491,78.92,37.419368746515936,-5.999415076395316,110.88335584630256
2024/05/14-12:10:55,trash_0,2.715195809313226,37.4193876,-5.9994256,66.05,37.41938018922569,-5.999396368049785,107.63309452513717
2024/05/14-12:11:39,trash_0,inf,37.4193823,-5.9993399,239.38,,,
2024/05/14-12:11:39,trash_0,inf,37.4193823,-5.9993399,239.38,,,
2024/05/14-12:11:43,trash_0,inf,37.419364,-5.9993671,232.89,,,
2024/05/14-12:11:44,trash_0,inf,37.4193602,-5.999374,236.31,,,
2024/05/14-12:11:46,trash_0,inf,37.4193537,-5.9993865,237.19,,,
2024/05/14-12:11:53,trash_0,inf,37.4193257,-5.9994347,234.18,,,
2024/05/14-12:11:53,trash_0,inf,37.4193257,-5.9994347,234.18,,,
2024/05/14-12:11:53,trash_0,inf,37.4193248,-5.9994361,234.14,,,
2024/05/14-12:11:53,trash_0,inf,37.4193248,-5.9994361,234.14,,,
2024/05/14-12:11:53,trash_0,inf,37.4193248,-5.9994361,234.14,,,
2024/05/14-12:11:53,trash_0,inf,37.4193238,-5.9994378,234.15,,,
2024/05/14-12:11:53,trash_0,inf,37.4193238,-5.9994378,234.15,,,
2024/05/14-12:11:53,trash_0,inf,37.4193238,-5.9994378,234.15,,,
2024/05/14-12:11:53,trash_0,inf,37.4193229,-5.9994393,234.21,,,
2024/05/14-12:11:53,trash_0,inf,37.4193229,-5.9994393,234.21,,,
2024/05/14-12:11:53,trash_0,inf,37.4193229,-5.9994393,234.21,,,
2024/05/14-12:11:53,trash_0,inf,37.4193229,-5.9994393,234.21,,,
2024/05/14-12:11:53,trash_0,inf,37.419322,-5.9994409,234.31,,,
2024/05/14-12:11:54,trash_0,inf,37.419322,-5.9994409,234.31,,,
2024/05/14-12:11:54,trash_0,inf,37.419322,-5.9994409,234.31,,,
2024/05/14-12:11:54,trash_0,inf,37.419322,-5.9994409,234.31,,,
2024/05/14-12:11:54,trash_0,inf,37.4193211,-5.9994424,234.44,,,
2024/05/14-12:11:54,trash_0,inf,37.4193211,-5.9994424,234.44,,,
2024/05/14-12:11:54,trash_0,inf,37.4193211,-5.9994424,234.44,,,
2024/05/14-12:11:54,trash_0,inf,37.4193201,-5.9994441,234.49,,,
2024/05/14-12:11:54,trash_0,inf,37.4193201,-5.9994441,234.49,,,
2024/05/14-12:11:54,trash_0,inf,37.4193192,-5.9994456,234.6,,,
2024/05/14-12:11:54,trash_0,inf,37.4193192,-5.9994456,234.6,,,
2024/05/14-12:11:54,trash_0,inf,37.4193192,-5.9994456,234.6,,,
2024/05/14-12:11:54,trash_0,inf,37.4193192,-5.9994456,234.6,,,
2024/05/14-12:11:55,trash_0,inf,37.4193182,-5.9994473,234.83,,,
2024/05/14-12:11:55,trash_0,inf,37.4193182,-5.9994473,234.83,,,
2024/05/14-12:11:55,trash_0,inf,37.4193173,-5.9994488,235.04,,,
2024/05/14-12:11:55,trash_0,inf,37.4193173,-5.9994488,235.04,,,
2024/05/14-12:11:55,trash_0,inf,37.4193162,-5.9994505,235.33,,,
2024/05/14-12:11:59,trash_0,inf,37.4193015,-5.9994758,238.46,,,
2024/05/14-12:12:04,trash_0,inf,37.4192813,-5.9995105,237.29,,,
2024/05/14-12:12:04,trash_0,inf,37.4192803,-5.9995122,235.84,,,
2024/05/14-12:12:04,trash_0,inf,37.4192792,-5.9995138,233.45,,,
2024/05/14-12:12:04,trash_0,inf,37.4192792,-5.9995138,233.45,,,
2024/05/14-12:12:04,trash_0,inf,37.419278,-5.9995155,230.25,,,
2024/05/14-12:12:05,trash_0,inf,37.419278,-5.9995155,230.25,,,
2024/05/14-12:12:05,trash_0,inf,37.419278,-5.9995155,230.25,,,
2024/05/14-12:12:05,trash_0,inf,37.4192767,-5.999517,226.84,,,
2024/05/14-12:12:05,trash_0,inf,37.4192767,-5.999517,226.84,,,
2024/05/14-12:12:09,trash_0,inf,37.4192498,-5.9995214,142.3,,,
2024/05/14-12:12:12,trash_0,inf,37.4192399,-5.999498,138.17,,,
2024/05/14-12:12:18,trash_0,inf,37.4192276,-5.9994839,75.72,,,
2024/05/14-12:13:14,trash_0,inf,37.4193231,-5.9992318,218.3,,,
2024/05/14-12:13:14,trash_0,inf,37.4193231,-5.9992318,218.3,,,
2024/05/14-12:13:14,trash_0,inf,37.4193231,-5.9992318,218.3,,,
2024/05/14-12:13:20,trash_0,inf,37.4193172,-5.9992517,231.84,,,
2024/05/14-12:13:21,trash_0,inf,37.4193168,-5.9992521,228.33,,,
2024/05/14-12:13:21,trash_0,inf,37.4193168,-5.9992521,228.33,,,
2024/05/14-12:13:21,trash_0,inf,37.4193163,-5.9992526,225.76,,,
2024/05/14-12:13:21,trash_0,inf,37.4193163,-5.9992526,225.76,,,
2024/05/14-12:13:21,trash_0,inf,37.4193155,-5.9992533,224.27,,,
2024/05/14-12:13:21,trash_0,inf,37.4193155,-5.9992533,224.27,,,
2024/05/14-12:13:21,trash_0,inf,37.4193147,-5.9992541,224.38,,,
2024/05/14-12:13:21,trash_0,inf,37.4193147,-5.9992541,224.38,,,
2024/05/14-12:13:22,trash_0,inf,37.4193138,-5.9992551,225.9,,,
2024/05/14-12:13:22,trash_0,inf,37.4193138,-5.9992551,225.9,,,
2024/05/14-12:13:22,trash_0,inf,37.4193138,-5.9992551,225.9,,,
2024/05/14-12:13:22,trash_0,inf,37.4193129,-5.9992562,228.25,,,
2024/05/14-12:13:26,trash_0,inf,37.4193023,-5.999286,233.79,,,
2024/05/14-12:13:26,trash_0,inf,37.4193012,-5.9992876,231.54,,,
2024/05/14-12:13:26,trash_0,inf,37.4193012,-5.9992876,231.54,,,
2024/05/14-12:13:27,trash_0,inf,37.419299,-5.9992906,227.99,,,
2024/05/14-12:13:27,trash_0,inf,37.4192979,-5.999292,226.95,,,
2024/05/14-12:13:28,trash_0,inf,37.4192968,-5.9992935,226.23,,,
2024/05/14-12:13:28,trash_0,inf,37.4192968,-5.9992935,226.23,,,
2024/05/14-12:13:28,trash_0,inf,37.4192968,-5.9992935,226.23,,,
2024/05/14-12:13:28,trash_0,inf,37.4192968,-5.9992935,226.23,,,
2024/05/14-12:13:28,trash_0,inf,37.4192968,-5.9992935,226.23,,,
2024/05/14-12:13:28,trash_0,inf,37.4192944,-5.9992964,225.85,,,
2024/05/14-12:13:28,trash_0,inf,37.4192944,-5.9992964,225.85,,,
2024/05/14-12:13:28,trash_0,inf,37.4192944,-5.9992964,225.85,,,
2024/05/14-12:13:28,trash_0,inf,37.4192932,-5.9992978,226.28,,,
2024/05/14-12:13:28,trash_0,inf,37.4192932,-5.9992978,226.28,,,
2024/05/14-12:13:29,trash_0,inf,37.419292,-5.9992992,227.14,,,
2024/05/14-12:13:29,trash_0,inf,37.419292,-5.9992992,227.14,,,
2024/05/14-12:13:29,trash_0,inf,37.4192897,-5.9993022,229.71,,,
2024/05/14-12:13:29,trash_0,inf,37.4192887,-5.9993037,231.29,,,
2024/05/14-12:13:29,trash_0,inf,37.4192887,-5.9993037,231.29,,,
2024/05/14-12:13:29,trash_0,inf,37.4192887,-5.9993037,231.29,,,
2024/05/14-12:13:30,trash_0,inf,37.4192877,-5.9993053,233.13,,,
2024/05/14-12:13:30,trash_0,inf,37.4192858,-5.9993086,236.47,,,
2024/05/14-12:13:34,trash_0,2.4255911787787046,37.4192743,-5.9993312,238.69,37.41925327765579,-5.999338691613002,195.8668164340301
2024/05/14-12:13:34,trash_0,inf,37.4192724,-5.9993343,238.0,,,
2024/05/14-12:13:35,trash_0,inf,37.4192705,-5.9993373,237.93,,,
2024/05/14-12:13:35,trash_0,inf,37.4192705,-5.9993373,237.93,,,
2024/05/14-12:13:35,trash_0,inf,37.4192686,-5.9993403,238.27,,,
2024/05/14-12:13:35,trash_0,inf,37.4192677,-5.9993418,238.41,,,
2024/05/14-12:13:35,trash_0,inf,37.4192677,-5.9993418,238.41,,,
2024/05/14-12:13:35,trash_0,inf,37.4192667,-5.9993434,238.69,,,
2024/05/14-12:13:40,trash_0,inf,37.4192557,-5.9993653,239.67,,,
2024/05/14-12:13:40,trash_0,inf,37.4192557,-5.9993653,239.67,,,
2024/05/14-12:13:40,trash_0,inf,37.4192557,-5.9993653,239.67,,,
2024/05/14-12:13:40,trash_0,inf,37.4192557,-5.9993653,239.67,,,
2024/05/14-12:13:41,trash_0,inf,37.4192531,-5.9993699,238.19,,,
2024/05/14-12:13:41,trash_0,inf,37.4192531,-5.9993699,238.19,,,
2024/05/14-12:13:41,trash_0,inf,37.4192531,-5.9993699,238.19,,,
2024/05/14-12:13:41,trash_0,inf,37.4192505,-5.9993743,236.6,,,
2024/05/14-12:13:41,trash_0,inf,37.4192505,-5.9993743,236.6,,,
2024/05/14-12:13:41,trash_0,inf,37.4192491,-5.9993766,236.01,,,
2024/05/14-12:13:42,trash_0,inf,37.4192491,-5.9993766,236.01,,,
2024/05/14-12:13:42,trash_0,inf,37.4192478,-5.9993787,235.49,,,
2024/05/14-12:13:42,trash_0,inf,37.4192478,-5.9993787,235.49,,,
2024/05/14-12:13:42,trash_0,inf,37.4192478,-5.9993787,235.49,,,
2024/05/14-12:13:42,trash_0,inf,37.4192478,-5.9993787,235.49,,,
2024/05/14-12:13:42,trash_0,inf,37.4192464,-5.9993809,234.98,,,
2024/05/14-12:13:43,trash_0,inf,37.4192437,-5.9993851,234.73,,,
2024/05/14-12:13:43,trash_0,inf,37.4192437,-5.9993851,234.73,,,
2024/05/14-12:13:43,trash_0,inf,37.419241,-5.9993892,234.92,,,
2024/05/14-12:13:43,trash_0,inf,37.419241,-5.9993892,234.92,,,
2024/05/14-12:13:43,trash_0,inf,37.4192398,-5.9993911,235.3,,,
2024/05/14-12:13:43,trash_0,inf,37.4192398,-5.9993911,235.3,,,
2024/05/14-12:13:43,trash_0,inf,37.4192398,-5.9993911,235.3,,,
2024/05/14-12:13:44,trash_0,inf,37.4192386,-5.9993931,235.77,,,
2024/05/14-12:13:44,trash_0,inf,37.4192386,-5.9993931,235.77,,,
2024/05/14-12:13:44,trash_0,inf,37.4192386,-5.9993931,235.77,,,
2024/05/14-12:13:44,trash_0,inf,37.4192375,-5.9993949,236.11,,,
2024/05/14-12:13:44,trash_0,inf,37.4192375,-5.9993949,236.11,,,
2024/05/14-12:13:44,trash_0,inf,37.4192363,-5.9993969,236.61,,,
2024/05/14-12:13:44,trash_0,inf,37.4192363,-5.9993969,236.61,,,
2024/05/14-12:13:44,trash_0,inf,37.4192363,-5.9993969,236.61,,,
2024/05/14-12:13:44,trash_0,inf,37.4192352,-5.9993988,237.18,,,
2024/05/14-12:13:44,trash_0,inf,37.4192352,-5.9993988,237.18,,,
2024/05/14-12:13:45,trash_0,inf,37.419234,-5.9994007,237.73,,,
2024/05/14-12:13:45,trash_0,inf,37.419234,-5.9994007,237.73,,,
2024/05/14-12:13:45,trash_0,inf,37.419233,-5.9994025,238.16,,,
2024/05/14-12:13:45,trash_0,inf,37.4192308,-5.9994062,239.01,,,
2024/05/14-12:13:45,trash_0,inf,37.4192308,-5.9994062,239.01,,,
2024/05/14-12:13:45,trash_0,inf,37.4192308,-5.9994062,239.01,,,
2024/05/14-12:13:46,trash_0,inf,37.4192297,-5.999408,239.4,,,
2024/05/14-12:13:46,trash_0,inf,37.4192297,-5.999408,239.4,,,
2024/05/14-12:13:46,trash_0,inf,37.4192288,-5.9994097,239.7,,,
2024/05/14-12:13:46,trash_0,inf,37.4192288,-5.9994097,239.7,,,
2024/05/14-12:13:46,trash_0,inf,37.4192278,-5.9994116,239.94,,,
2024/05/14-12:13:46,trash_0,inf,37.4192278,-5.9994116,239.94,,,
2024/05/14-12:13:46,trash_0,inf,37.4192268,-5.9994133,240.12,,,
2024/05/14-12:13:46,trash_0,inf,37.4192268,-5.9994133,240.12,,,
2024/05/14-12:13:46,trash_0,inf,37.4192268,-5.9994133,240.12,,,
2024/05/14-12:13:47,trash_0,inf,37.4192259,-5.9994151,240.18,,,
2024/05/14-12:13:47,trash_0,inf,37.419225,-5.9994167,240.11,,,
2024/05/14-12:13:47,trash_0,inf,37.419225,-5.9994167,240.11,,,
2024/05/14-12:13:47,trash_0,inf,37.4192231,-5.9994201,239.95,,,
2024/05/14-12:13:48,trash_0,inf,37.4192222,-5.9994218,239.69,,,
2024/05/14-12:13:48,trash_0,inf,37.4192213,-5.9994233,239.48,,,
2024/05/14-12:13:48,trash_0,inf,37.4192203,-5.999425,239.27,,,
2024/05/14-12:13:57,trash_0,inf,37.4191865,-5.9994828,231.63,,,
2024/05/14-12:14:06,trash_0,inf,37.419136,-5.9994621,147.16,,,
2024/05/14-12:14:07,trash_0,2.044050549468242,37.4191331,-5.9994595,136.6,37.41912511238165,-5.999438693524336,115.70275732817142
2024/05/14-12:14:45,trash_0,inf,37.4192568,-5.9992642,47.07,,,
2024/05/14-12:14:46,trash_0,inf,37.4192588,-5.9992609,46.25,,,
2024/05/14-12:14:46,trash_0,inf,37.4192598,-5.9992592,45.89,,,
2024/05/14-12:14:46,trash_0,inf,37.4192608,-5.9992576,45.48,,,
2024/05/14-12:14:46,trash_0,inf,37.4192608,-5.9992576,45.48,,,
2024/05/14-12:14:46,trash_0,inf,37.4192608,-5.9992576,45.48,,,
2024/05/14-12:14:47,trash_0,inf,37.4192619,-5.9992559,45.18,,,
2024/05/14-12:14:48,trash_0,inf,37.419269,-5.9992442,45.98,,,
2024/05/14-12:14:49,trash_0,inf,37.419272,-5.999239,46.95,,,
2024/05/14-12:14:49,trash_0,12.575268105031435,37.419273,-5.9992373,47.14,37.41927105282992,-5.999095260544868,90.98464100702331
2024/05/14-12:14:49,trash_0,inf,37.419273,-5.9992373,47.14,,,
2024/05/14-12:14:49,trash_0,inf,37.419273,-5.9992373,47.14,,,
2024/05/14-12:14:50,trash_0,12.541301855607557,37.419274,-5.9992356,47.24,37.419270166618425,-5.999094004822695,91.94402611849982
2024/05/14-12:14:50,trash_1,inf,37.419274,-5.9992356,47.24,,,
2024/05/14-12:14:50,trash_0,12.127557407248881,37.4192749,-5.9992338,47.42,37.41926985061141,-5.999096943619485,92.64851391559719
2024/05/14-12:14:50,trash_0,inf,37.4192769,-5.9992304,47.68,,,
2024/05/14-12:14:51,trash_0,13.354412357770887,37.4192808,-5.9992233,47.63,37.41927371938084,-5.999072699138109,93.37349809461035
2024/05/14-12:14:52,trash_0,14.62044691761354,37.4192827,-5.9992198,47.37,37.419273471489674,-5.999055041337117,94.01707882531214
2024/05/14-12:14:54,trash_0,10.007985783405733,37.4192916,-5.9992041,44.82,37.419297626755714,-5.999091294429609,86.1677521352545
2024/05/14-12:14:55,trash_0,12.19433308228563,37.4192964,-5.999195,55.37,37.41927013573905,-5.999061236566864,103.82993959032424
2024/05/14-12:14:55,trash_0,10.900733668653634,37.4192964,-5.999195,55.37,37.41927369664314,-5.999075191508332,103.36496194480691
2024/05/14-12:14:56,trash_0,5.869305088668687,37.4192982,-5.9991837,79.39,37.419326689362975,-5.99912783944913,57.40349878899227
2024/05/14-12:14:57,trash_0,5.466701231038505,37.4192982,-5.9991814,84.6,37.41932847811053,-5.99913268946234,52.069188888918596
2024/05/14-12:14:57,trash_0,5.452885834517287,37.4192979,-5.9991791,90.31,37.41932653876718,-5.999129047097326,54.34519593668003
2024/05/14-12:14:57,trash_0,5.117012474041939,37.4192974,-5.999177,95.59,37.4193275489474,-5.999133265913587,49.16247736249108
2024/05/14-12:14:59,trash_0,6.706420704569195,37.419291,-5.9991658,133.65,37.41929242088953,-5.999090059757593,88.65257094068593
2024/05/14-12:14:59,trash_0,5.230426104043165,37.419291,-5.9991658,133.65,37.41929352767438,-5.999106797896507,86.92543290817679
2024/05/14-12:15:00,trash_0,inf,37.4192846,-5.9991626,167.49,,,
2024/05/14-12:15:01,trash_0,inf,37.4192846,-5.9991626,167.49,,,
2024/05/14-12:15:02,trash_0,inf,37.4192804,-5.9991635,198.32,,,
2024/05/14-12:15:02,trash_0,inf,37.4192804,-5.9991635,198.32,,,
2024/05/14-12:15:02,trash_0,inf,37.4192798,-5.9991637,201.95,,,
2024/05/14-12:15:02,trash_0,inf,37.4192798,-5.9991637,201.95,,,
2024/05/14-12:15:02,trash_0,inf,37.4192789,-5.9991641,204.9,,,
2024/05/14-12:15:03,trash_0,inf,37.4192789,-5.9991641,204.9,,,
2024/05/14-12:15:03,trash_0,inf,37.4192789,-5.9991641,204.9,,,
2024/05/14-12:15:03,trash_0,inf,37.419278,-5.9991646,206.86,,,
2024/05/14-12:15:03,trash_0,inf,37.419278,-5.9991646,206.86,,,
2024/05/14-12:15:03,trash_0,inf,37.419277,-5.9991652,208.05,,,
2024/05/14-12:15:03,trash_0,inf,37.419277,-5.9991652,208.05,,,
2024/05/14-12:15:03,trash_0,inf,37.4192761,-5.9991659,208.18,,,
2024/05/14-12:15:03,trash_0,inf,37.419275,-5.9991666,207.41,,,
2024/05/14-12:15:04,trash_0,inf,37.419275,-5.9991666,207.41,,,
2024/05/14-12:15:04,trash_0,inf,37.419275,-5.9991666,207.41,,,
2024/05/14-12:15:04,trash_0,inf,37.419274,-5.9991672,206.18,,,
2024/05/14-12:15:04,trash_0,inf,37.419274,-5.9991672,206.18,,,
2024/05/14-12:15:04,trash_0,inf,37.419274,-5.9991672,206.18,,,
2024/05/14-12:15:04,trash_0,inf,37.419274,-5.9991672,206.18,,,
2024/05/14-12:15:04,trash_0,inf,37.4192729,-5.9991679,204.64,,,
2024/05/14-12:15:04,trash_0,inf,37.4192729,-5.9991679,204.64,,,
2024/05/14-12:15:04,trash_0,inf,37.4192718,-5.9991685,203.13,,,
2024/05/14-12:15:04,trash_0,inf,37.4192718,-5.9991685,203.13,,,
2024/05/14-12:15:04,trash_0,inf,37.4192718,-5.9991685,203.13,,,
2024/05/14-12:15:09,trash_0,inf,37.419247,-5.9991728,200.88,,,
2024/05/14-12:15:09,trash_0,inf,37.419247,-5.9991728,200.88,,,
2024/05/14-12:15:09,trash_0,inf,37.419247,-5.9991728,200.88,,,
2024/05/14-12:15:09,trash_0,inf,37.4192459,-5.9991735,205.69,,,
2024/05/14-12:15:09,trash_0,inf,37.419245,-5.9991743,210.44,,,
2024/05/14-12:15:10,trash_0,inf,37.4192442,-5.9991752,216.26,,,
2024/05/14-12:15:10,trash_0,inf,37.4192435,-5.9991761,222.08,,,
2024/05/14-12:15:11,trash_0,inf,37.4192421,-5.9991786,240.18,,,
2024/05/14-12:15:11,trash_0,inf,37.4192421,-5.9991786,240.18,,,
2024/05/14-12:15:11,trash_0,inf,37.4192421,-5.9991786,240.18,,,
2024/05/14-12:15:15,trash_0,inf,37.4192392,-5.999195,237.56,,,
2024/05/14-12:15:16,trash_0,inf,37.4192384,-5.9991958,230.26,,,
2024/05/14-12:15:16,trash_0,inf,37.419238,-5.9991963,227.0,,,
2024/05/14-12:15:16,trash_0,inf,37.419238,-5.9991963,227.0,,,
2024/05/14-12:15:16,trash_0,inf,37.419238,-5.9991963,227.0,,,
2024/05/14-12:15:16,trash_0,inf,37.4192374,-5.9991968,224.8,,,
2024/05/14-12:15:16,trash_0,inf,37.4192374,-5.9991968,224.8,,,
2024/05/14-12:15:16,trash_0,inf,37.4192374,-5.9991968,224.8,,,
2024/05/14-12:15:16,trash_0,inf,37.4192367,-5.9991975,223.64,,,
2024/05/14-12:15:17,trash_0,inf,37.4192367,-5.9991975,223.64,,,
2024/05/14-12:15:17,trash_0,inf,37.4192367,-5.9991975,223.64,,,
2024/05/14-12:15:17,trash_0,inf,37.4192359,-5.9991984,223.86,,,
2024/05/14-12:15:17,trash_0,inf,37.4192359,-5.9991984,223.86,,,
2024/05/14-12:15:17,trash_0,inf,37.4192359,-5.9991984,223.86,,,
2024/05/14-12:15:17,trash_0,inf,37.4192359,-5.9991984,223.86,,,
2024/05/14-12:15:17,trash_0,inf,37.4192351,-5.9991994,225.26,,,
2024/05/14-12:15:17,trash_0,inf,37.4192342,-5.9992005,227.43,,,
2024/05/14-12:15:17,trash_0,inf,37.4192342,-5.9992005,227.43,,,
2024/05/14-12:15:17,trash_0,inf,37.4192342,-5.9992005,227.43,,,
2024/05/14-12:15:17,trash_0,inf,37.4192333,-5.9992017,230.52,,,
2024/05/14-12:15:18,trash_0,inf,37.4192326,-5.9992029,233.72,,,
2024/05/14-12:15:18,trash_0,inf,37.4192318,-5.9992045,237.42,,,
2024/05/14-12:15:18,trash_0,inf,37.4192318,-5.9992045,237.42,,,
2024/05/14-12:15:18,trash_0,inf,37.4192318,-5.9992045,237.42,,,
2024/05/14-12:15:18,trash_0,inf,37.4192311,-5.999206,240.7,,,
2024/05/14-12:15:18,trash_0,inf,37.4192311,-5.999206,240.7,,,
2024/05/14-12:15:18,trash_0,inf,37.4192306,-5.9992077,244.0,,,
2024/05/14-12:15:19,trash_0,inf,37.4192306,-5.9992077,244.0,,,
2024/05/14-12:15:19,trash_0,inf,37.4192302,-5.9992093,246.69,,,
2024/05/14-12:15:19,trash_0,inf,37.4192302,-5.9992093,246.69,,,
2024/05/14-12:15:19,trash_0,inf,37.4192302,-5.9992093,246.69,,,
2024/05/14-12:15:19,trash_0,inf,37.4192302,-5.9992093,246.69,,,
2024/05/14-12:15:19,trash_0,inf,37.4192298,-5.9992111,248.91,,,
2024/05/14-12:15:19,trash_0,inf,37.4192298,-5.9992111,248.91,,,
2024/05/14-12:15:19,trash_0,inf,37.419229,-5.9992146,250.97,,,
2024/05/14-12:15:20,trash_0,inf,37.419229,-5.9992146,250.97,,,
2024/05/14-12:15:20,trash_0,inf,37.419229,-5.9992146,250.97,,,
2024/05/14-12:15:20,trash_0,inf,37.4192287,-5.9992163,250.9,,,
2024/05/14-12:15:20,trash_0,inf,37.4192287,-5.9992163,250.9,,,
2024/05/14-12:15:20,trash_0,inf,37.4192283,-5.9992182,250.12,,,
2024/05/14-12:15:20,trash_0,inf,37.4192283,-5.9992182,250.12,,,
2024/05/14-12:15:20,trash_0,inf,37.4192283,-5.9992182,250.12,,,
2024/05/14-12:15:20,trash_0,inf,37.4192283,-5.9992182,250.12,,,
2024/05/14-12:15:20,trash_0,inf,37.4192279,-5.9992199,248.93,,,
2024/05/14-12:15:20,trash_0,inf,37.4192274,-5.9992217,247.04,,,
2024/05/14-12:15:21,trash_0,inf,37.4192274,-5.9992217,247.04,,,
2024/05/14-12:15:21,trash_0,inf,37.4192274,-5.9992217,247.04,,,
2024/05/14-12:15:21,trash_0,inf,37.4192274,-5.9992217,247.04,,,
2024/05/14-12:15:21,trash_0,inf,37.4192268,-5.9992234,244.89,,,
2024/05/14-12:15:21,trash_0,inf,37.4192268,-5.9992234,244.89,,,
2024/05/14-12:15:21,trash_0,inf,37.4192268,-5.9992234,244.89,,,
2024/05/14-12:15:21,trash_0,inf,37.4192253,-5.9992268,239.58,,,
2024/05/14-12:15:21,trash_0,inf,37.4192253,-5.9992268,239.58,,,
2024/05/14-12:15:21,trash_0,inf,37.4192244,-5.9992286,236.91,,,
2024/05/14-12:15:22,trash_0,inf,37.4192244,-5.9992286,236.91,,,
2024/05/14-12:15:22,trash_0,inf,37.4192244,-5.9992286,236.91,,,
2024/05/14-12:15:22,trash_0,inf,37.4192235,-5.9992302,234.61,,,
2024/05/14-12:15:22,trash_0,inf,37.4192224,-5.9992319,232.16,,,
2024/05/14-12:15:22,trash_0,inf,37.4192224,-5.9992319,232.16,,,
2024/05/14-12:15:22,trash_0,inf,37.4192214,-5.9992334,230.14,,,
2024/05/14-12:15:22,trash_0,inf,37.4192214,-5.9992334,230.14,,,
2024/05/14-12:15:22,trash_0,inf,37.4192214,-5.9992334,230.14,,,
2024/05/14-12:15:23,trash_0,inf,37.4192202,-5.999235,228.44,,,
2024/05/14-12:15:23,trash_0,inf,37.4192202,-5.999235,228.44,,,
2024/05/14-12:15:23,trash_0,inf,37.4192202,-5.999235,228.44,,,
2024/05/14-12:15:23,trash_0,inf,37.419219,-5.9992364,227.27,,,
2024/05/14-12:15:23,trash_1,inf,37.419219,-5.9992364,227.27,,,
2024/05/14-12:15:23,trash_0,inf,37.4192178,-5.999238,226.48,,,
2024/05/14-12:15:23,trash_0,inf,37.4192178,-5.999238,226.48,,,
2024/05/14-12:15:23,trash_0,inf,37.4192178,-5.999238,226.48,,,
2024/05/14-12:15:23,trash_0,inf,37.4192166,-5.9992393,226.21,,,
2024/05/14-12:15:23,trash_0,inf,37.4192166,-5.9992393,226.21,,,
2024/05/14-12:15:23,trash_0,inf,37.4192166,-5.9992393,226.21,,,
2024/05/14-12:15:24,trash_0,inf,37.4192154,-5.9992408,226.33,,,
2024/05/14-12:15:24,trash_0,inf,37.4192154,-5.9992408,226.33,,,
2024/05/14-12:15:24,trash_0,inf,37.4192154,-5.9992408,226.33,,,
2024/05/14-12:15:24,trash_0,inf,37.4192142,-5.9992423,226.82,,,
2024/05/14-12:15:24,trash_0,inf,37.4192142,-5.9992423,226.82,,,
2024/05/14-12:15:24,trash_0,inf,37.419213,-5.999244,227.62,,,
2024/05/14-12:15:24,trash_0,inf,37.419213,-5.999244,227.62,,,
2024/05/14-12:15:24,trash_0,inf,37.419213,-5.999244,227.62,,,
2024/05/14-12:15:24,trash_0,inf,37.4192119,-5.9992455,228.64,,,
2024/05/14-12:15:24,trash_0,inf,37.4192107,-5.9992472,230.06,,,
2024/05/14-12:15:24,trash_0,inf,37.4192107,-5.9992472,230.06,,,
2024/05/14-12:15:25,trash_0,inf,37.4192107,-5.9992472,230.06,,,
2024/05/14-12:15:25,trash_0,inf,37.4192097,-5.9992488,231.45,,,
2024/05/14-12:15:25,trash_0,inf,37.4192097,-5.9992488,231.45,,,
2024/05/14-12:15:25,trash_0,inf,37.4192097,-5.9992488,231.45,,,
2024/05/14-12:15:25,trash_0,inf,37.4192097,-5.9992488,231.45,,,
2024/05/14-12:15:25,trash_0,inf,37.4192086,-5.9992505,232.97,,,
2024/05/14-12:15:25,trash_0,inf,37.4192077,-5.9992522,234.47,,,
2024/05/14-12:15:25,trash_0,inf,37.4192077,-5.9992522,234.47,,,
2024/05/14-12:15:25,trash_0,inf,37.4192077,-5.9992522,234.47,,,
2024/05/14-12:15:26,trash_0,inf,37.4192067,-5.9992541,235.98,,,
2024/05/14-12:15:26,trash_0,inf,37.4192067,-5.9992541,235.98,,,
2024/05/14-12:15:26,trash_0,inf,37.4192058,-5.9992559,237.38,,,
2024/05/14-12:15:26,trash_0,inf,37.4192058,-5.9992559,237.38,,,
2024/05/14-12:15:26,trash_0,inf,37.4192058,-5.9992559,237.38,,,
2024/05/14-12:15:26,trash_0,inf,37.4192048,-5.9992578,238.69,,,
2024/05/14-12:15:26,trash_0,inf,37.4192048,-5.9992578,238.69,,,
2024/05/14-12:15:26,trash_0,inf,37.419204,-5.9992596,239.65,,,
2024/05/14-12:15:26,trash_0,inf,37.4192032,-5.9992614,240.39,,,
2024/05/14-12:15:27,trash_0,inf,37.4192032,-5.9992614,240.39,,,
2024/05/14-12:15:27,trash_0,inf,37.4192032,-5.9992614,240.39,,,
2024/05/14-12:15:27,trash_0,inf,37.4192032,-5.9992614,240.39,,,
2024/05/14-12:15:27,trash_0,inf,37.4192024,-5.9992632,240.81,,,
2024/05/14-12:15:27,trash_0,inf,37.4192024,-5.9992632,240.81,,,
2024/05/14-12:15:27,trash_0,inf,37.4192016,-5.999265,240.88,,,
2024/05/14-12:15:27,trash_0,inf,37.4192016,-5.999265,240.88,,,
2024/05/14-12:15:27,trash_0,inf,37.4192007,-5.9992667,240.78,,,
2024/05/14-12:15:27,trash_0,inf,37.4192007,-5.9992667,240.78,,,
2024/05/14-12:15:27,trash_0,inf,37.4191985,-5.9992713,240.44,,,
2024/05/14-12:15:28,trash_0,inf,37.4191985,-5.9992713,240.44,,,
2024/05/14-12:15:28,trash_0,inf,37.4191985,-5.9992713,240.44,,,
2024/05/14-12:15:28,trash_0,inf,37.4191967,-5.9992748,239.71,,,
2024/05/14-12:15:28,trash_0,inf,37.4191967,-5.9992748,239.71,,,
2024/05/14-12:15:28,trash_0,inf,37.4191958,-5.9992767,238.66,,,
2024/05/14-12:15:28,trash_0,inf,37.4191958,-5.9992767,238.66,,,
2024/05/14-12:15:28,trash_0,inf,37.4191958,-5.9992767,238.66,,,
2024/05/14-12:15:28,trash_0,inf,37.419195,-5.9992783,237.52,,,
2024/05/14-12:15:28,trash_0,inf,37.419195,-5.9992783,237.52,,,
2024/05/14-12:15:29,trash_0,inf,37.4191941,-5.9992798,236.19,,,
2024/05/14-12:15:29,trash_0,inf,37.4191941,-5.9992798,236.19,,,
2024/05/14-12:15:29,trash_0,inf,37.4191941,-5.9992798,236.19,,,
2024/05/14-12:15:29,trash_0,inf,37.4191932,-5.9992812,235.0,,,
2024/05/14-12:15:29,trash_0,inf,37.4191922,-5.9992827,233.89,,,
2024/05/14-12:15:29,trash_0,inf,37.4191922,-5.9992827,233.89,,,
2024/05/14-12:15:29,trash_0,inf,37.4191922,-5.9992827,233.89,,,
2024/05/14-12:15:29,trash_0,inf,37.4191913,-5.9992841,233.08,,,
2024/05/14-12:15:29,trash_0,inf,37.4191913,-5.9992841,233.08,,,
2024/05/14-12:15:29,trash_0,inf,37.4191913,-5.9992841,233.08,,,
2024/05/14-12:15:30,trash_0,inf,37.4191901,-5.9992855,232.42,,,
2024/05/14-12:15:30,trash_0,inf,37.4191901,-5.9992855,232.42,,,
2024/05/14-12:15:30,trash_0,inf,37.4191901,-5.9992855,232.42,,,
2024/05/14-12:15:30,trash_0,inf,37.4191891,-5.9992869,231.94,,,
2024/05/14-12:15:30,trash_0,inf,37.4191891,-5.9992869,231.94,,,
2024/05/14-12:15:30,trash_0,inf,37.419188,-5.9992883,231.68,,,
2024/05/14-12:15:30,trash_0,inf,37.419188,-5.9992883,231.68,,,
2024/05/14-12:15:30,trash_0,inf,37.419188,-5.9992883,231.68,,,
2024/05/14-12:15:30,trash_0,inf,37.419187,-5.9992898,231.75,,,
2024/05/14-12:15:30,trash_0,inf,37.4191859,-5.9992912,232.1,,,
2024/05/14-12:15:31,trash_0,inf,37.4191859,-5.9992912,232.1,,,
2024/05/14-12:15:31,trash_0,inf,37.4191859,-5.9992912,232.1,,,
2024/05/14-12:15:31,trash_0,inf,37.4191859,-5.9992912,232.1,,,
2024/05/14-12:15:31,trash_0,inf,37.4191849,-5.9992926,232.66,,,
2024/05/14-12:15:31,trash_0,inf,37.4191849,-5.9992926,232.66,,,
2024/05/14-12:15:31,trash_0,inf,37.4191849,-5.9992926,232.66,,,
2024/05/14-12:15:31,trash_0,inf,37.4191839,-5.9992941,233.36,,,
2024/05/14-12:15:31,trash_0,inf,37.4191839,-5.9992941,233.36,,,
2024/05/14-12:15:31,trash_0,inf,37.419183,-5.9992956,234.08,,,
2024/05/14-12:15:31,trash_0,inf,37.419183,-5.9992956,234.08,,,
2024/05/14-12:15:32,trash_0,inf,37.4191819,-5.9992973,235.02,,,
2024/05/14-12:15:32,trash_0,inf,37.419181,-5.9992988,235.95,,,
2024/05/14-12:15:32,trash_0,inf,37.419181,-5.9992988,235.95,,,
2024/05/14-12:15:32,trash_0,inf,37.419181,-5.9992988,235.95,,,
2024/05/14-12:15:32,trash_0,inf,37.419181,-5.9992988,235.95,,,
2024/05/14-12:15:32,trash_0,inf,37.4191792,-5.999302,237.78,,,
2024/05/14-12:15:32,trash_0,inf,37.4191792,-5.999302,237.78,,,
2024/05/14-12:15:32,trash_0,inf,37.4191782,-5.9993037,238.65,,,
2024/05/14-12:15:33,trash_0,inf,37.4191782,-5.9993037,238.65,,,
2024/05/14-12:15:33,trash_0,inf,37.4191782,-5.9993037,238.65,,,
2024/05/14-12:15:33,trash_0,inf,37.4191782,-5.9993037,238.65,,,
2024/05/14-12:15:33,trash_0,inf,37.4191775,-5.9993053,239.38,,,
2024/05/14-12:15:33,trash_0,inf,37.4191775,-5.9993053,239.38,,,
2024/05/14-12:15:33,trash_0,inf,37.4191775,-5.9993053,239.38,,,
2024/05/14-12:15:33,trash_0,inf,37.4191766,-5.999307,240.06,,,
2024/05/14-12:15:33,trash_0,inf,37.4191766,-5.999307,240.06,,,
2024/05/14-12:15:33,trash_0,inf,37.4191758,-5.9993086,240.49,,,
2024/05/14-12:15:33,trash_0,inf,37.4191758,-5.9993086,240.49,,,
2024/05/14-12:15:33,trash_0,inf,37.4191758,-5.9993086,240.49,,,
2024/05/14-12:15:33,trash_0,inf,37.419175,-5.9993103,240.66,,,
2024/05/14-12:15:34,trash_0,inf,37.419175,-5.9993103,240.66,,,
2024/05/14-12:15:34,trash_0,inf,37.419175,-5.9993103,240.66,,,
2024/05/14-12:15:34,trash_0,inf,37.4191742,-5.9993119,240.64,,,
2024/05/14-12:15:34,trash_0,inf,37.4191742,-5.9993119,240.64,,,
2024/05/14-12:15:34,trash_0,inf,37.4191734,-5.9993137,240.31,,,
2024/05/14-12:15:34,trash_0,inf,37.4191734,-5.9993137,240.31,,,
2024/05/14-12:15:34,trash_0,inf,37.4191725,-5.9993154,239.8,,,
2024/05/14-12:15:34,trash_0,inf,37.4191725,-5.9993154,239.8,,,
2024/05/14-12:15:34,trash_0,inf,37.4191725,-5.9993154,239.8,,,
2024/05/14-12:15:35,trash_0,inf,37.4191716,-5.9993172,239.24,,,
2024/05/14-12:15:35,trash_0,inf,37.4191716,-5.9993172,239.24,,,
2024/05/14-12:15:35,trash_0,inf,37.4191716,-5.9993172,239.24,,,
2024/05/14-12:15:35,trash_0,inf,37.4191707,-5.9993188,238.72,,,
2024/05/14-12:15:35,trash_0,inf,37.4191707,-5.9993188,238.72,,,
2024/05/14-12:15:35,trash_0,inf,37.4191697,-5.9993205,238.04,,,
2024/05/14-12:15:35,trash_0,inf,37.4191688,-5.9993221,237.23,,,
2024/05/14-12:15:35,trash_0,inf,37.4191678,-5.9993239,236.38,,,
2024/05/14-12:15:36,trash_0,inf,37.4191678,-5.9993239,236.38,,,
2024/05/14-12:15:36,trash_0,inf,37.4191678,-5.9993239,236.38,,,
2024/05/14-12:15:36,trash_0,inf,37.4191668,-5.9993256,235.69,,,
2024/05/14-12:15:36,trash_0,inf,37.4191668,-5.9993256,235.69,,,
2024/05/14-12:15:36,trash_0,inf,37.4191668,-5.9993256,235.69,,,
2024/05/14-12:15:36,trash_0,inf,37.4191657,-5.9993273,235.09,,,
2024/05/14-12:15:36,trash_0,inf,37.4191647,-5.9993288,234.66,,,
2024/05/14-12:15:36,trash_0,inf,37.4191647,-5.9993288,234.66,,,
2024/05/14-12:15:36,trash_0,inf,37.4191647,-5.9993288,234.66,,,
2024/05/14-12:15:36,trash_0,inf,37.4191647,-5.9993288,234.66,,,
2024/05/14-12:15:36,trash_0,inf,37.4191636,-5.9993305,234.32,,,
2024/05/14-12:15:37,trash_0,inf,37.4191636,-5.9993305,234.32,,,
2024/05/14-12:15:37,trash_0,inf,37.4191627,-5.9993322,234.18,,,
2024/05/14-12:15:37,trash_0,inf,37.4191627,-5.9993322,234.18,,,
2024/05/14-12:15:37,trash_0,inf,37.4191627,-5.9993322,234.18,,,
2024/05/14-12:15:37,trash_0,inf,37.4191627,-5.9993322,234.18,,,
2024/05/14-12:15:37,trash_0,inf,37.4191616,-5.9993339,234.08,,,
2024/05/14-12:15:37,trash_0,inf,37.4191606,-5.9993356,234.11,,,
2024/05/14-12:15:37,trash_0,inf,37.4191606,-5.9993356,234.11,,,
2024/05/14-12:15:37,trash_0,inf,37.4191606,-5.9993356,234.11,,,
2024/05/14-12:15:37,trash_0,inf,37.4191606,-5.9993356,234.11,,,
2024/05/14-12:15:37,trash_0,inf,37.4191595,-5.9993373,234.16,,,
2024/05/14-12:15:38,trash_0,inf,37.4191595,-5.9993373,234.16,,,
2024/05/14-12:15:38,trash_0,inf,37.4191595,-5.9993373,234.16,,,
2024/05/14-12:15:38,trash_0,inf,37.4191585,-5.9993389,234.33,,,
2024/05/14-12:15:38,trash_0,inf,37.4191585,-5.9993389,234.33,,,
2024/05/14-12:15:38,trash_0,inf,37.4191585,-5.9993389,234.33,,,
2024/05/14-12:15:38,trash_0,inf,37.4191573,-5.9993407,234.56,,,
2024/05/14-12:15:38,trash_0,inf,37.4191573,-5.9993407,234.56,,,
2024/05/14-12:15:38,trash_0,inf,37.4191563,-5.9993424,234.81,,,
2024/05/14-12:15:38,trash_0,inf,37.4191563,-5.9993424,234.81,,,
2024/05/14-12:15:38,trash_0,inf,37.4191563,-5.9993424,234.81,,,
2024/05/14-12:15:39,trash_0,inf,37.4191552,-5.9993442,235.28,,,
2024/05/14-12:15:39,trash_0,inf,37.4191552,-5.9993442,235.28,,,
2024/05/14-12:15:39,trash_0,inf,37.4191552,-5.9993442,235.28,,,
2024/05/14-12:15:39,trash_0,inf,37.4191542,-5.9993458,235.76,,,
2024/05/14-12:15:39,trash_0,inf,37.4191542,-5.9993458,235.76,,,
2024/05/14-12:15:39,trash_0,inf,37.4191542,-5.9993458,235.76,,,
2024/05/14-12:15:39,trash_0,inf,37.4191531,-5.9993477,236.21,,,
2024/05/14-12:15:39,trash_0,inf,37.4191531,-5.9993477,236.21,,,
2024/05/14-12:15:39,trash_0,inf,37.4191521,-5.9993493,236.57,,,
2024/05/14-12:15:39,trash_0,inf,37.4191511,-5.9993512,237.07,,,
2024/05/14-12:15:40,trash_0,inf,37.4191481,-5.9993564,238.18,,,
2024/05/14-12:15:41,trash_0,inf,37.4191461,-5.99936,238.84,,,
2024/05/14-12:15:41,trash_0,inf,37.4191461,-5.99936,238.84,,,
2024/05/14-12:15:41,trash_0,inf,37.4191461,-5.99936,238.84,,,
2024/05/14-12:15:41,trash_0,inf,37.419145,-5.9993619,239.19,,,
2024/05/14-12:15:41,trash_0,inf,37.4191441,-5.9993636,239.28,,,
2024/05/14-12:15:42,trash_0,inf,37.4191431,-5.9993654,239.28,,,
2024/05/14-12:15:42,trash_0,inf,37.4191401,-5.9993707,239.45,,,
2024/05/14-12:15:43,trash_0,inf,37.419139,-5.9993725,239.45,,,
2024/05/14-12:15:43,trash_0,inf,37.4191381,-5.9993742,239.32,,,
2024/05/14-12:15:43,trash_0,inf,37.4191381,-5.9993742,239.32,,,
2024/05/14-12:15:52,trash_0,inf,37.4190979,-5.9994414,223.03,,,
2024/05/14-12:15:53,trash_0,inf,37.4190929,-5.9994452,208.54,,,
2024/05/14-12:15:55,trash_0,inf,37.4190768,-5.9994455,159.44,,,
2024/05/14-12:15:55,trash_0,inf,37.4190747,-5.9994455,153.48,,,
2024/05/14-12:15:56,trash_0,inf,37.4190747,-5.9994455,153.48,,,
2024/05/14-12:15:57,trash_0,inf,37.4190683,-5.9994453,129.44,,,
2024/05/14-12:15:57,trash_0,inf,37.4190683,-5.9994453,129.44,,,
2024/05/14-12:15:57,trash_0,inf,37.4190683,-5.9994453,129.44,,,
2024/05/14-12:15:57,trash_0,inf,37.419068,-5.9994438,123.47,,,
2024/05/14-12:15:57,trash_0,inf,37.419068,-5.9994438,123.47,,,
2024/05/14-12:16:44,trash_0,inf,37.4191976,-5.9991746,47.38,,,
2024/05/14-12:16:44,trash_0,inf,37.4191986,-5.9991728,47.02,,,
2024/05/14-12:16:45,trash_0,inf,37.4191995,-5.9991712,46.79,,,
2024/05/14-12:16:45,trash_0,inf,37.4191995,-5.9991712,46.79,,,
2024/05/14-12:16:45,trash_0,11.333679470826052,37.4191995,-5.9991712,46.79,37.419300613267296,-5.999153279052192,8.04609232519256
2024/05/14-12:16:45,trash_1,2.7080387985171805,37.4191995,-5.9991712,46.79,37.419197385294744,-5.999140722937991,94.97196756427047
2024/05/14-12:16:45,trash_0,10.857122772001409,37.4192016,-5.9991678,46.28,37.41929866275319,-5.999152521842273,7.155704852966608
2024/05/14-12:16:45,trash_0,11.345821047133125,37.4192016,-5.9991678,46.28,37.419303086602284,-5.999152392150612,6.904373147615608
2024/05/14-12:16:45,trash_0,10.534562169378082,37.4192016,-5.9991678,46.28,37.419295830018086,-5.999153493857593,6.904373147615608
2024/05/14-12:16:46,trash_0,10.69349591162336,37.4192026,-5.999166,46.06,37.4192983196625,-5.999152200386252,6.559381654495034
2024/05/14-12:16:46,trash_0,10.631548922255437,37.4192026,-5.999166,46.06,37.41929778872349,-5.999152539716743,6.434838104003404
2024/05/14-12:16:46,trash_0,10.595414962520621,37.4192035,-5.9991644,45.99,37.41929842307732,-5.999151645281493,6.117089890671096
2024/05/14-12:16:46,trash_0,11.006666422804944,37.4192035,-5.9991644,45.99,37.41930215188988,-5.999151681093174,5.871118549176309
2024/05/14-12:16:46,trash_1,11.63595937817878,37.4192035,-5.9991644,45.99,37.419228394191585,-5.999036710158147,76.26419890817526
2024/05/14-12:16:46,trash_0,10.421217324368106,37.4192035,-5.9991644,45.99,37.41929692484829,-5.999152607664742,5.748796060439524
2024/05/14-12:16:46,trash_1,9.237505772307347,37.4192035,-5.9991644,45.99,37.419260975122,-5.999088921553517,46.326774239952854
2024/05/14-12:16:46,trash_0,10.839251734813969,37.4192046,-5.9991627,45.93,37.41930182289982,-5.999151079784945,5.445471094829998
2024/05/14-12:16:46,trash_1,9.187753616836128,37.4192046,-5.9991627,45.93,37.41926182823873,-5.999087703168146,46.26677423995285
2024/05/14-12:16:46,trash_0,10.656347047251703,37.4192046,-5.9991627,45.93,37.41930020136259,-5.999151528986759,5.324466056787138
2024/05/14-12:16:46,trash_0,10.784581437877405,37.4192055,-5.9991611,45.81,37.41922708414995,-5.999042312278918,77.16607311104495
2024/05/14-12:16:46,trash_0,10.50665709257072,37.4192055,-5.9991611,45.81,37.419299828789924,-5.999151077167992,4.844065220627989
2024/05/14-12:16:46,trash_1,10.93444448491528,37.4192055,-5.9991611,45.81,37.419227384083484,-5.999040661598722,77.16607311104495
2024/05/14-12:16:46,trash_2,9.023395287937497,37.4192055,-5.9991611,45.81,37.41926182740683,-5.999087592524821,46.146774239952855
2024/05/14-12:16:46,trash_0,10.863240836114047,37.4192055,-5.9991611,45.81,37.41922698738118,-5.999041373717528,77.31863816201931
2024/05/14-12:16:46,trash_1,10.423496956211295,37.4192055,-5.9991611,45.81,37.41929909848401,-5.999151400757109,4.724798693425761
2024/05/14-12:16:47,trash_0,10.32582857339626,37.4192065,-5.9991593,45.84,37.41929926346925,-5.999150351652042,4.399581975661626
2024/05/14-12:16:47,trash_1,10.738064147873366,37.4192065,-5.9991593,45.84,37.41922718977041,-5.999040800254911,77.65227922950112
2024/05/14-12:16:47,trash_0,10.703626425868679,37.4192065,-5.9991593,45.84,37.41930268696199,-5.999150518120975,4.164909962834045
2024/05/14-12:16:47,trash_0,10.485622265812648,37.4192065,-5.9991593,45.84,37.419300741671734,-5.999150937628784,4.0482116943762065
2024/05/14-12:16:47,trash_0,10.225438653505574,37.4192075,-5.9991577,45.93,37.419299443569564,-5.999150294570389,3.6756388229856967
2024/05/14-12:16:47,trash_1,8.46150115199836,37.4192075,-5.9991577,45.93,37.419260204593954,-5.99908863134711,46.26677423995285
2024/05/14-12:16:47,trash_0,10.166638524709404,37.4192075,-5.9991577,45.93,37.41929892642189,-5.999150566404554,3.5610438901831216
2024/05/14-12:16:47,trash_0,10.7574218092711,37.4192075,-5.9991577,45.93,37.419226589629595,-5.999038555752814,78.64131405151949
2024/05/14-12:16:47,trash_1,10.183732152601339,37.4192075,-5.9991577,45.93,37.41929912244507,-5.9991514649042665,3.1068164340301223
2024/05/14-12:16:47,trash_0,10.718557441781646,37.4192085,-5.9991559,45.98,37.41922719316228,-5.999037104447694,78.83942360581607
2024/05/14-12:16:47,trash_0,8.367806452124745,37.4192085,-5.9991559,45.98,37.419260772495555,-5.999087778387006,46.10722366936139
2024/05/14-12:16:47,trash_1,10.475219560336683,37.4192085,-5.9991559,45.98,37.41922629219656,-5.999039685111376,79.13416435843237
2024/05/14-12:16:47,trash_2,9.979920570886556,37.4192085,-5.9991559,45.98,37.419298311999206,-5.999150352387139,2.82046732245837
2024/05/14-12:16:47,trash_0,8.577904646992037,37.4192094,-5.9991543,45.96,37.41926300438725,-5.9990844914489445,46.08722366936139
2024/05/14-12:16:47,trash_1,10.459874449291506,37.4192094,-5.9991543,45.96,37.419226961527706,-5.999038206405663,79.26079659342274
2024/05/14-12:16:47,trash_2,9.885678762201508,37.4192094,-5.9991543,45.96,37.41929837370213,-5.999149060399585,2.689166742091693
2024/05/14-12:16:47,trash_0,8.342548110573642,37.4192094,-5.9991543,45.96,37.41926133521944,-5.999086168219743,46.29677423995285
2024/05/14-12:16:47,trash_1,9.847744245494912,37.4192094,-5.9991543,45.96,37.4192980548824,-5.999149723485484,2.3576929884749234
2024/05/14-12:16:47,trash_2,10.323804794850348,37.4192094,-5.9991543,45.96,37.4192262674284,-5.999039607448371,79.55258753977844
2024/05/14-12:16:48,trash_0,10.177036391406551,37.4192104,-5.9991525,45.92,37.41922663427316,-5.999039348147393,79.8024177202719
2024/05/14-12:16:48,trash_1,9.597776668796644,37.4192104,-5.9991525,45.92,37.41929681973202,-5.999148529351915,2.0987199190756343
2024/05/14-12:16:48,trash_2,8.279772569024828,37.4192104,-5.9991525,45.92,37.41926198205949,-5.999084926026985,46.256774239952854
2024/05/14-12:16:48,trash_0,9.695936012326895,37.4192104,-5.9991525,45.92,37.41929771508235,-5.9991489040577415,1.8813414008663187
2024/05/14-12:16:48,trash_1,8.225172399134056,37.4192104,-5.9991525,45.92,37.41926164190665,-5.999085371637405,46.256774239952854
2024/05/14-12:16:48,trash_2,10.09045633402856,37.4192104,-5.9991525,45.92,37.41922627093879,-5.9990402603459705,79.94659907732868
2024/05/14-12:16:48,trash_0,9.625226152837895,37.4192113,-5.9991508,45.97,37.41929799090325,-5.999147748327678,1.6082389809538
2024/05/14-12:16:48,trash_1,8.25430765373748,37.4192113,-5.9991508,45.97,37.41926287283844,-5.999083613653839,46.09722366936139
2024/05/14-12:16:48,trash_2,10.627044942794868,37.4192113,-5.9991508,45.97,37.419227460258405,-5.999032470500104,80.28349761341494
2024/05/14-12:16:48,trash_0,9.6714537566461,37.4192113,-5.9991508,45.97,37.4192984157647,-5.999148140539336,1.394797960969015
2024/05/14-12:16:48,trash_1,8.14857014267952,37.4192113,-5.9991508,45.97,37.41926221219169,-5.999084474310129,46.09722366936139
2024/05/14-12:16:48,trash_0,10.089432188179838,37.4192113,-5.9991508,45.97,37.41922575376893,-5.999038271522486,80.85145763857707
2024/05/14-12:16:48,trash_1,9.435808126083106,37.4192113,-5.9991508,45.97,37.419296300255084,-5.999148599434977,1.1829123501710797
2024/05/14-12:16:48,trash_2,8.078831839226627,37.4192113,-5.9991508,45.97,37.41926177646756,-5.999085041948879,46.09722366936139
2024/05/14-12:16:48,trash_0,9.36519221390675,37.4192123,-5.999149,45.88,37.41929667433279,-5.999147563509241,0.7779758078527124
2024/05/14-12:16:48,trash_1,10.014257615140988,37.4192123,-5.999149,45.88,37.41922634891977,-5.9990372505886995,81.04253105222429
2024/05/14-12:16:48,trash_2,12.6875308282895,37.4192123,-5.999149,45.88,37.41921372558587,-5.999005682612807,89.28543303996472
2024/05/14-12:16:48,trash_3,8.025861668044488,37.4192123,-5.999149,45.88,37.41926252729323,-5.999083771940558,46.007223669361395
2024/05/14-12:16:48,trash_0,10.12183443770277,37.4192132,-5.9991473,45.8,37.41922708663421,-5.999034288936651,81.24167517235061
2024/05/14-12:16:48,trash_1,9.509938316771361,37.4192132,-5.9991473,45.8,37.41929888435118,-5.999146575346812,0.386475879154645
2024/05/14-12:16:48,trash_2,13.380633275807734,37.4192132,-5.9991473,45.8,37.4192139476462,-5.998996144531521,89.6446410070233
2024/05/14-12:16:48,trash_3,7.9802946117275875,37.4192132,-5.9991473,45.8,37.41926302503372,-5.999082300858841,46.13677423995285
2024/05/14-12:16:48,trash_0,9.475716073533837,37.4192132,-5.9991473,45.8,37.419298576907366,-5.999146770527884,0.2833997222472249
2024/05/14-12:16:48,trash_1,12.807499015738406,37.4192132,-5.9991473,45.8,37.41921347815675,-5.999002616630431,89.86184938379574
2024/05/14-12:16:48,trash_2,10.081749093277852,37.4192132,-5.9991473,45.8,37.419226597088944,-5.999034653903605,81.51889667939355
2024/05/14-12:16:48,trash_3,7.9607884431471225,37.4192132,-5.9991473,45.8,37.41926290324684,-5.999082459735817,46.13677423995285
2024/05/14-12:16:48,trash_0,13.442010247628389,37.4192132,-5.9991473,45.8,37.41921280947652,-5.99899544905196,90.18469883639546
2024/05/14-12:16:48,trash_1,9.24480695947921,37.4192132,-5.9991473,45.8,37.419296497410954,-5.999147342975195,-0.02357689619499581
2024/05/14-12:16:48,trash_2,10.073557931802036,37.4192132,-5.9991473,45.8,37.41922615469707,-5.999034666081613,81.79420252216069
2024/05/14-12:16:48,trash_3,7.910458135937296,37.4192132,-5.9991473,45.8,37.41926258900927,-5.99908286967418,46.13677423995285
2024/05/14-12:16:48,trash_0,12.885515682810535,37.4192143,-5.9991455,45.91,37.41921348627821,-5.998999938445457,90.40153074975994
2024/05/14-12:16:48,trash_1,9.134563130881679,37.4192143,-5.9991455,45.91,37.419296603931016,-5.999145709577583,-0.1163654222869468
2024/05/14-12:16:48,trash_2,9.867195386703328,37.4192143,-5.9991455,45.91,37.41922640021124,-5.999035069461286,82.17759990759009
2024/05/14-12:16:49,trash_0,9.02131151496545,37.4192143,-5.9991455,45.91,37.41929556568915,-5.999147644243797,-1.2055997326334662
2024/05/14-12:16:49,trash_1,inf,37.4192143,-5.9991455,45.91,,,
2024/05/14-12:16:49,trash_2,9.790455329323164,37.4192143,-5.9991455,45.91,37.41922693239922,-5.9990360390574375,81.76678861430906
2024/05/14-12:16:49,trash_0,9.772810496841954,37.4192143,-5.9991455,45.91,37.4192271193305,-5.999036274698292,81.62889667939356
2024/05/14-12:16:49,trash_1,8.936223553187999,37.4192143,-5.9991455,45.91,37.419294789611364,-5.999148134047815,-1.495152659391458
2024/05/14-12:16:49,trash_2,inf,37.4192143,-5.9991455,45.91,,,
2024/05/14-12:16:49,trash_0,8.760338300915555,37.4192151,-5.9991439,47.51,37.419294012061044,-5.9991461390549725,-1.2964254818329195
2024/05/14-12:16:49,trash_1,9.59091158878488,37.4192151,-5.9991439,47.51,37.419226541774904,-5.999036507249181,82.39145763857707
2024/05/14-12:16:49,trash_2,inf,37.4192151,-5.9991439,47.51,,,
2024/05/14-12:16:49,trash_0,7.60439609743342,37.4192151,-5.9991439,47.51,37.419263620824275,-5.9990832460953865,44.91479501322333
2024/05/14-12:16:49,trash_1,9.581801772277089,37.4192151,-5.9991439,47.51,37.41922759215564,-5.999036795403899,81.6802921490891
2024/05/14-12:16:49,trash_2,12.092413169400551,37.4192151,-5.9991439,47.51,37.41921485039903,-5.999007294749347,90.13121553900532
